2024-07-05 18:27:50,171:WARNING:
'cuml' is a soft dependency and not included in the pycaret installation. Please run: `pip install cuml` to install.
2024-07-05 18:27:50,171:WARNING:
'cuml' is a soft dependency and not included in the pycaret installation. Please run: `pip install cuml` to install.
2024-07-05 18:27:50,171:WARNING:
'cuml' is a soft dependency and not included in the pycaret installation. Please run: `pip install cuml` to install.
2024-07-05 18:27:50,171:WARNING:
'cuml' is a soft dependency and not included in the pycaret installation. Please run: `pip install cuml` to install.
2024-07-05 18:27:52,389:INFO:PyCaret ClassificationExperiment
2024-07-05 18:27:52,390:INFO:Logging name: clf-default-name
2024-07-05 18:27:52,390:INFO:ML Usecase: MLUsecase.CLASSIFICATION
2024-07-05 18:27:52,390:INFO:version 3.3.2
2024-07-05 18:27:52,390:INFO:Initializing setup()
2024-07-05 18:27:52,390:INFO:self.USI: 49f5
2024-07-05 18:27:52,391:INFO:self._variable_keys: {'X_train', '_ml_usecase', 'gpu_param', 'fold_shuffle_param', 'target_param', 'exp_id', 'exp_name_log', 'gpu_n_jobs_param', '_available_plots', 'html_param', 'y', 'pipeline', 'fix_imbalance', 'is_multiclass', 'data', 'y_test', 'n_jobs_param', 'fold_groups_param', 'seed', 'X_test', 'USI', 'X', 'fold_generator', 'memory', 'logging_param', 'log_plots_param', 'y_train', 'idx'}
2024-07-05 18:27:52,391:INFO:Checking environment
2024-07-05 18:27:52,391:INFO:python_version: 3.11.9
2024-07-05 18:27:52,391:INFO:python_build: ('tags/v3.11.9:de54cf5', 'Apr  2 2024 10:12:12')
2024-07-05 18:27:52,391:INFO:machine: AMD64
2024-07-05 18:27:52,391:INFO:platform: Windows-10-10.0.22631-SP0
2024-07-05 18:27:52,397:INFO:Memory: svmem(total=34065997824, available=15896461312, percent=53.3, used=18169536512, free=15896461312)
2024-07-05 18:27:52,397:INFO:Physical Core: 24
2024-07-05 18:27:52,397:INFO:Logical Core: 32
2024-07-05 18:27:52,397:INFO:Checking libraries
2024-07-05 18:27:52,397:INFO:System:
2024-07-05 18:27:52,397:INFO:    python: 3.11.9 (tags/v3.11.9:de54cf5, Apr  2 2024, 10:12:12) [MSC v.1938 64 bit (AMD64)]
2024-07-05 18:27:52,397:INFO:executable: c:\Users\User\OneDrive\Documentos\GitHub\Prueba-Tecnica\.venv\Scripts\python.exe
2024-07-05 18:27:52,397:INFO:   machine: Windows-10-10.0.22631-SP0
2024-07-05 18:27:52,397:INFO:PyCaret required dependencies:
2024-07-05 18:27:52,509:INFO:                 pip: 24.1.1
2024-07-05 18:27:52,509:INFO:          setuptools: 65.5.0
2024-07-05 18:27:52,509:INFO:             pycaret: 3.3.2
2024-07-05 18:27:52,509:INFO:             IPython: 8.26.0
2024-07-05 18:27:52,509:INFO:          ipywidgets: 8.1.3
2024-07-05 18:27:52,509:INFO:                tqdm: 4.66.4
2024-07-05 18:27:52,509:INFO:               numpy: 1.26.4
2024-07-05 18:27:52,509:INFO:              pandas: 2.1.4
2024-07-05 18:27:52,509:INFO:              jinja2: 3.1.4
2024-07-05 18:27:52,509:INFO:               scipy: 1.11.4
2024-07-05 18:27:52,509:INFO:              joblib: 1.3.2
2024-07-05 18:27:52,509:INFO:             sklearn: 1.4.2
2024-07-05 18:27:52,509:INFO:                pyod: 2.0.1
2024-07-05 18:27:52,509:INFO:            imblearn: 0.12.3
2024-07-05 18:27:52,509:INFO:   category_encoders: 2.6.3
2024-07-05 18:27:52,509:INFO:            lightgbm: 4.4.0
2024-07-05 18:27:52,509:INFO:               numba: 0.60.0
2024-07-05 18:27:52,509:INFO:            requests: 2.32.3
2024-07-05 18:27:52,509:INFO:          matplotlib: 3.7.5
2024-07-05 18:27:52,509:INFO:          scikitplot: 0.3.7
2024-07-05 18:27:52,509:INFO:         yellowbrick: 1.5
2024-07-05 18:27:52,509:INFO:              plotly: 5.22.0
2024-07-05 18:27:52,509:INFO:    plotly-resampler: Not installed
2024-07-05 18:27:52,509:INFO:             kaleido: 0.2.1
2024-07-05 18:27:52,509:INFO:           schemdraw: 0.15
2024-07-05 18:27:52,509:INFO:         statsmodels: 0.14.2
2024-07-05 18:27:52,509:INFO:              sktime: 0.26.0
2024-07-05 18:27:52,509:INFO:               tbats: 1.1.3
2024-07-05 18:27:52,509:INFO:            pmdarima: 2.0.4
2024-07-05 18:27:52,509:INFO:              psutil: 6.0.0
2024-07-05 18:27:52,509:INFO:          markupsafe: 2.1.5
2024-07-05 18:27:52,509:INFO:             pickle5: Not installed
2024-07-05 18:27:52,509:INFO:         cloudpickle: 3.0.0
2024-07-05 18:27:52,509:INFO:         deprecation: 2.1.0
2024-07-05 18:27:52,509:INFO:              xxhash: 3.4.1
2024-07-05 18:27:52,509:INFO:           wurlitzer: Not installed
2024-07-05 18:27:52,509:INFO:PyCaret optional dependencies:
2024-07-05 18:27:52,692:INFO:                shap: Not installed
2024-07-05 18:27:52,692:INFO:           interpret: Not installed
2024-07-05 18:27:52,692:INFO:                umap: Not installed
2024-07-05 18:27:52,693:INFO:     ydata_profiling: Not installed
2024-07-05 18:27:52,693:INFO:  explainerdashboard: Not installed
2024-07-05 18:27:52,693:INFO:             autoviz: Not installed
2024-07-05 18:27:52,693:INFO:           fairlearn: Not installed
2024-07-05 18:27:52,693:INFO:          deepchecks: Not installed
2024-07-05 18:27:52,693:INFO:             xgboost: 2.1.0
2024-07-05 18:27:52,693:INFO:            catboost: Not installed
2024-07-05 18:27:52,693:INFO:              kmodes: Not installed
2024-07-05 18:27:52,693:INFO:             mlxtend: Not installed
2024-07-05 18:27:52,693:INFO:       statsforecast: Not installed
2024-07-05 18:27:52,693:INFO:        tune_sklearn: Not installed
2024-07-05 18:27:52,693:INFO:                 ray: Not installed
2024-07-05 18:27:52,693:INFO:            hyperopt: Not installed
2024-07-05 18:27:52,693:INFO:              optuna: Not installed
2024-07-05 18:27:52,693:INFO:               skopt: Not installed
2024-07-05 18:27:52,693:INFO:              mlflow: Not installed
2024-07-05 18:27:52,693:INFO:              gradio: Not installed
2024-07-05 18:27:52,693:INFO:             fastapi: Not installed
2024-07-05 18:27:52,693:INFO:             uvicorn: Not installed
2024-07-05 18:27:52,693:INFO:              m2cgen: Not installed
2024-07-05 18:27:52,693:INFO:           evidently: Not installed
2024-07-05 18:27:52,693:INFO:               fugue: Not installed
2024-07-05 18:27:52,693:INFO:           streamlit: 1.36.0
2024-07-05 18:27:52,693:INFO:             prophet: Not installed
2024-07-05 18:27:52,693:INFO:None
2024-07-05 18:27:52,693:INFO:Set up data.
2024-07-05 18:27:52,700:INFO:Set up folding strategy.
2024-07-05 18:27:52,700:INFO:Set up train/test split.
2024-07-05 18:27:52,711:INFO:Set up index.
2024-07-05 18:27:52,712:INFO:Assigning column types.
2024-07-05 18:27:52,717:INFO:Engine successfully changes for model 'lr' to 'sklearn'.
2024-07-05 18:27:52,738:INFO:Engine for model 'knn' has not been set explicitly, hence returning None.
2024-07-05 18:27:52,749:INFO:Engine for model 'rbfsvm' has not been set explicitly, hence returning None.
2024-07-05 18:27:52,799:INFO:Soft dependency imported: xgboost: 2.1.0
2024-07-05 18:27:52,800:WARNING:
'catboost' is a soft dependency and not included in the pycaret installation. Please run: `pip install catboost` to install.
Alternately, you can install this by running `pip install pycaret[models]`
2024-07-05 18:27:52,820:INFO:Engine for model 'knn' has not been set explicitly, hence returning None.
2024-07-05 18:27:52,820:INFO:Engine for model 'rbfsvm' has not been set explicitly, hence returning None.
2024-07-05 18:27:52,833:INFO:Soft dependency imported: xgboost: 2.1.0
2024-07-05 18:27:52,834:WARNING:
'catboost' is a soft dependency and not included in the pycaret installation. Please run: `pip install catboost` to install.
Alternately, you can install this by running `pip install pycaret[models]`
2024-07-05 18:27:52,834:INFO:Engine successfully changes for model 'knn' to 'sklearn'.
2024-07-05 18:27:52,855:INFO:Engine for model 'rbfsvm' has not been set explicitly, hence returning None.
2024-07-05 18:27:52,868:INFO:Soft dependency imported: xgboost: 2.1.0
2024-07-05 18:27:52,869:WARNING:
'catboost' is a soft dependency and not included in the pycaret installation. Please run: `pip install catboost` to install.
Alternately, you can install this by running `pip install pycaret[models]`
2024-07-05 18:27:52,890:INFO:Engine for model 'rbfsvm' has not been set explicitly, hence returning None.
2024-07-05 18:27:52,902:INFO:Soft dependency imported: xgboost: 2.1.0
2024-07-05 18:27:52,903:WARNING:
'catboost' is a soft dependency and not included in the pycaret installation. Please run: `pip install catboost` to install.
Alternately, you can install this by running `pip install pycaret[models]`
2024-07-05 18:27:52,903:INFO:Engine successfully changes for model 'rbfsvm' to 'sklearn'.
2024-07-05 18:27:52,937:INFO:Soft dependency imported: xgboost: 2.1.0
2024-07-05 18:27:52,938:WARNING:
'catboost' is a soft dependency and not included in the pycaret installation. Please run: `pip install catboost` to install.
Alternately, you can install this by running `pip install pycaret[models]`
2024-07-05 18:27:52,971:INFO:Soft dependency imported: xgboost: 2.1.0
2024-07-05 18:27:52,972:WARNING:
'catboost' is a soft dependency and not included in the pycaret installation. Please run: `pip install catboost` to install.
Alternately, you can install this by running `pip install pycaret[models]`
2024-07-05 18:27:52,974:INFO:Preparing preprocessing pipeline...
2024-07-05 18:27:52,981:INFO:Set up simple imputation.
2024-07-05 18:27:53,002:INFO:Finished creating preprocessing pipeline.
2024-07-05 18:27:53,009:INFO:Pipeline: Pipeline(memory=FastMemory(location=C:\Users\User\AppData\Local\Temp\joblib),
         steps=[('numerical_imputer',
                 TransformerWrapper(exclude=None,
                                    include=['CODE_GENDER', 'FLAG_OWN_CAR',
                                             'FLAG_OWN_REALTY', 'CNT_CHILDREN',
                                             'AMT_INCOME_TOTAL',
                                             'NAME_INCOME_TYPE',
                                             'NAME_EDUCATION_TYPE',
                                             'NAME_FAMILY_STATUS',
                                             'NAME_HOUSING_TYPE',
                                             'DAYS_EMPLOYED', 'FLAG_MOBIL',
                                             'FLAG_WORK_P...
                                    transformer=SimpleImputer(add_indicator=False,
                                                              copy=True,
                                                              fill_value=None,
                                                              keep_empty_features=False,
                                                              missing_values=nan,
                                                              strategy='mean'))),
                ('categorical_imputer',
                 TransformerWrapper(exclude=None, include=[],
                                    transformer=SimpleImputer(add_indicator=False,
                                                              copy=True,
                                                              fill_value=None,
                                                              keep_empty_features=False,
                                                              missing_values=nan,
                                                              strategy='most_frequent')))],
         verbose=False)
2024-07-05 18:27:53,009:INFO:Creating final display dataframe.
2024-07-05 18:27:53,064:INFO:Setup _display_container:                     Description             Value
0                    Session id               456
1                        Target             class
2                   Target type            Binary
3           Original data shape       (29320, 20)
4        Transformed data shape       (29320, 20)
5   Transformed train set shape       (20524, 20)
6    Transformed test set shape        (8796, 20)
7              Numeric features                19
8                    Preprocess              True
9               Imputation type            simple
10           Numeric imputation              mean
11       Categorical imputation              mode
12               Fold Generator   StratifiedKFold
13                  Fold Number                10
14                     CPU Jobs                -1
15                      Use GPU             False
16               Log Experiment             False
17              Experiment Name  clf-default-name
18                          USI              49f5
2024-07-05 18:27:53,104:INFO:Soft dependency imported: xgboost: 2.1.0
2024-07-05 18:27:53,105:WARNING:
'catboost' is a soft dependency and not included in the pycaret installation. Please run: `pip install catboost` to install.
Alternately, you can install this by running `pip install pycaret[models]`
2024-07-05 18:27:53,138:INFO:Soft dependency imported: xgboost: 2.1.0
2024-07-05 18:27:53,139:WARNING:
'catboost' is a soft dependency and not included in the pycaret installation. Please run: `pip install catboost` to install.
Alternately, you can install this by running `pip install pycaret[models]`
2024-07-05 18:27:53,140:INFO:setup() successfully completed in 0.75s...............
2024-07-05 18:27:53,145:INFO:gpu_param set to False
2024-07-05 18:27:53,178:INFO:Soft dependency imported: xgboost: 2.1.0
2024-07-05 18:27:53,180:WARNING:
'catboost' is a soft dependency and not included in the pycaret installation. Please run: `pip install catboost` to install.
Alternately, you can install this by running `pip install pycaret[models]`
2024-07-05 18:27:53,211:INFO:Soft dependency imported: xgboost: 2.1.0
2024-07-05 18:27:53,213:WARNING:
'catboost' is a soft dependency and not included in the pycaret installation. Please run: `pip install catboost` to install.
Alternately, you can install this by running `pip install pycaret[models]`
2024-07-05 18:27:53,222:INFO:Initializing compare_models()
2024-07-05 18:27:53,222:INFO:compare_models(self=<pycaret.classification.oop.ClassificationExperiment object at 0x000001BAA1A02690>, include=None, exclude=None, fold=None, round=4, cross_validation=True, sort=Accuracy, n_select=1, budget_time=None, turbo=True, errors=ignore, fit_kwargs=None, groups=None, experiment_custom_tags=None, probability_threshold=None, verbose=True, parallel=None, caller_params={'self': <pycaret.classification.oop.ClassificationExperiment object at 0x000001BAA1A02690>, 'include': None, 'exclude': None, 'fold': None, 'round': 4, 'cross_validation': True, 'sort': 'Accuracy', 'n_select': 1, 'budget_time': None, 'turbo': True, 'errors': 'ignore', 'fit_kwargs': None, 'groups': None, 'experiment_custom_tags': None, 'probability_threshold': None, 'engine': None, 'verbose': True, 'parallel': None, '__class__': <class 'pycaret.classification.oop.ClassificationExperiment'>})
2024-07-05 18:27:53,222:INFO:Checking exceptions
2024-07-05 18:27:53,230:INFO:Preparing display monitor
2024-07-05 18:27:53,241:INFO:Initializing Logistic Regression
2024-07-05 18:27:53,241:INFO:Total runtime is 0.0 minutes
2024-07-05 18:27:53,243:INFO:SubProcess create_model() called ==================================
2024-07-05 18:27:53,243:INFO:Initializing create_model()
2024-07-05 18:27:53,243:INFO:create_model(self=<pycaret.classification.oop.ClassificationExperiment object at 0x000001BAA1A02690>, estimator=lr, fold=StratifiedKFold(n_splits=10, random_state=None, shuffle=False), round=4, cross_validation=True, predict=True, fit_kwargs={}, groups=None, refit=False, probability_threshold=None, experiment_custom_tags=None, verbose=False, system=False, add_to_model_list=True, metrics=None, display=<pycaret.internal.display.display.CommonDisplay object at 0x000001BAAD85EE50>, model_only=True, return_train_score=False, error_score=0.0, kwargs={})
2024-07-05 18:27:53,243:INFO:Checking exceptions
2024-07-05 18:27:53,243:INFO:Importing libraries
2024-07-05 18:27:53,243:INFO:Copying training dataset
2024-07-05 18:27:53,250:INFO:Defining folds
2024-07-05 18:27:53,251:INFO:Declaring metric variables
2024-07-05 18:27:53,253:INFO:Importing untrained model
2024-07-05 18:27:53,256:INFO:Logistic Regression Imported successfully
2024-07-05 18:27:53,260:INFO:Starting cross validation
2024-07-05 18:27:53,261:INFO:Cross validating with StratifiedKFold(n_splits=10, random_state=None, shuffle=False), n_jobs=-1
2024-07-05 18:27:57,142:WARNING:c:\Users\User\OneDrive\Documentos\GitHub\Prueba-Tecnica\.venv\Lib\site-packages\sklearn\metrics\_classification.py:1509: UndefinedMetricWarning: Precision is ill-defined and being set to 0.0 due to no predicted samples. Use `zero_division` parameter to control this behavior.
  _warn_prf(average, modifier, f"{metric.capitalize()} is", len(result))

2024-07-05 18:27:57,250:WARNING:c:\Users\User\OneDrive\Documentos\GitHub\Prueba-Tecnica\.venv\Lib\site-packages\sklearn\metrics\_classification.py:1509: UndefinedMetricWarning: Precision is ill-defined and being set to 0.0 due to no predicted samples. Use `zero_division` parameter to control this behavior.
  _warn_prf(average, modifier, f"{metric.capitalize()} is", len(result))

2024-07-05 18:27:57,541:WARNING:c:\Users\User\OneDrive\Documentos\GitHub\Prueba-Tecnica\.venv\Lib\site-packages\sklearn\metrics\_classification.py:1509: UndefinedMetricWarning: Precision is ill-defined and being set to 0.0 due to no predicted samples. Use `zero_division` parameter to control this behavior.
  _warn_prf(average, modifier, f"{metric.capitalize()} is", len(result))

2024-07-05 18:27:57,618:WARNING:c:\Users\User\OneDrive\Documentos\GitHub\Prueba-Tecnica\.venv\Lib\site-packages\sklearn\metrics\_classification.py:1509: UndefinedMetricWarning: Precision is ill-defined and being set to 0.0 due to no predicted samples. Use `zero_division` parameter to control this behavior.
  _warn_prf(average, modifier, f"{metric.capitalize()} is", len(result))

2024-07-05 18:27:57,639:WARNING:c:\Users\User\OneDrive\Documentos\GitHub\Prueba-Tecnica\.venv\Lib\site-packages\sklearn\metrics\_classification.py:1509: UndefinedMetricWarning: Precision is ill-defined and being set to 0.0 due to no predicted samples. Use `zero_division` parameter to control this behavior.
  _warn_prf(average, modifier, f"{metric.capitalize()} is", len(result))

2024-07-05 18:27:57,668:WARNING:c:\Users\User\OneDrive\Documentos\GitHub\Prueba-Tecnica\.venv\Lib\site-packages\sklearn\metrics\_classification.py:1509: UndefinedMetricWarning: Precision is ill-defined and being set to 0.0 due to no predicted samples. Use `zero_division` parameter to control this behavior.
  _warn_prf(average, modifier, f"{metric.capitalize()} is", len(result))

2024-07-05 18:27:57,687:WARNING:c:\Users\User\OneDrive\Documentos\GitHub\Prueba-Tecnica\.venv\Lib\site-packages\sklearn\metrics\_classification.py:1509: UndefinedMetricWarning: Precision is ill-defined and being set to 0.0 due to no predicted samples. Use `zero_division` parameter to control this behavior.
  _warn_prf(average, modifier, f"{metric.capitalize()} is", len(result))

2024-07-05 18:27:57,707:WARNING:c:\Users\User\OneDrive\Documentos\GitHub\Prueba-Tecnica\.venv\Lib\site-packages\sklearn\metrics\_classification.py:1509: UndefinedMetricWarning: Precision is ill-defined and being set to 0.0 due to no predicted samples. Use `zero_division` parameter to control this behavior.
  _warn_prf(average, modifier, f"{metric.capitalize()} is", len(result))

2024-07-05 18:27:57,713:WARNING:c:\Users\User\OneDrive\Documentos\GitHub\Prueba-Tecnica\.venv\Lib\site-packages\sklearn\metrics\_classification.py:1509: UndefinedMetricWarning: Precision is ill-defined and being set to 0.0 due to no predicted samples. Use `zero_division` parameter to control this behavior.
  _warn_prf(average, modifier, f"{metric.capitalize()} is", len(result))

2024-07-05 18:27:57,713:WARNING:c:\Users\User\OneDrive\Documentos\GitHub\Prueba-Tecnica\.venv\Lib\site-packages\sklearn\metrics\_classification.py:1509: UndefinedMetricWarning: Precision is ill-defined and being set to 0.0 due to no predicted samples. Use `zero_division` parameter to control this behavior.
  _warn_prf(average, modifier, f"{metric.capitalize()} is", len(result))

2024-07-05 18:27:57,721:INFO:Calculating mean and std
2024-07-05 18:27:57,722:INFO:Creating metrics dataframe
2024-07-05 18:27:57,724:INFO:Uploading results into container
2024-07-05 18:27:57,724:INFO:Uploading model into container now
2024-07-05 18:27:57,725:INFO:_master_model_container: 1
2024-07-05 18:27:57,725:INFO:_display_container: 2
2024-07-05 18:27:57,725:INFO:LogisticRegression(C=1.0, class_weight=None, dual=False, fit_intercept=True,
                   intercept_scaling=1, l1_ratio=None, max_iter=1000,
                   multi_class='auto', n_jobs=None, penalty='l2',
                   random_state=456, solver='lbfgs', tol=0.0001, verbose=0,
                   warm_start=False)
2024-07-05 18:27:57,725:INFO:create_model() successfully completed......................................
2024-07-05 18:27:57,786:INFO:SubProcess create_model() end ==================================
2024-07-05 18:27:57,786:INFO:Creating metrics dataframe
2024-07-05 18:27:57,789:INFO:Initializing K Neighbors Classifier
2024-07-05 18:27:57,790:INFO:Total runtime is 0.0758185108502706 minutes
2024-07-05 18:27:57,791:INFO:SubProcess create_model() called ==================================
2024-07-05 18:27:57,791:INFO:Initializing create_model()
2024-07-05 18:27:57,791:INFO:create_model(self=<pycaret.classification.oop.ClassificationExperiment object at 0x000001BAA1A02690>, estimator=knn, fold=StratifiedKFold(n_splits=10, random_state=None, shuffle=False), round=4, cross_validation=True, predict=True, fit_kwargs={}, groups=None, refit=False, probability_threshold=None, experiment_custom_tags=None, verbose=False, system=False, add_to_model_list=True, metrics=None, display=<pycaret.internal.display.display.CommonDisplay object at 0x000001BAAD85EE50>, model_only=True, return_train_score=False, error_score=0.0, kwargs={})
2024-07-05 18:27:57,791:INFO:Checking exceptions
2024-07-05 18:27:57,791:INFO:Importing libraries
2024-07-05 18:27:57,791:INFO:Copying training dataset
2024-07-05 18:27:57,798:INFO:Defining folds
2024-07-05 18:27:57,798:INFO:Declaring metric variables
2024-07-05 18:27:57,799:INFO:Importing untrained model
2024-07-05 18:27:57,801:INFO:K Neighbors Classifier Imported successfully
2024-07-05 18:27:57,804:INFO:Starting cross validation
2024-07-05 18:27:57,804:INFO:Cross validating with StratifiedKFold(n_splits=10, random_state=None, shuffle=False), n_jobs=-1
2024-07-05 18:28:01,916:INFO:Calculating mean and std
2024-07-05 18:28:01,917:INFO:Creating metrics dataframe
2024-07-05 18:28:01,918:INFO:Uploading results into container
2024-07-05 18:28:01,918:INFO:Uploading model into container now
2024-07-05 18:28:01,918:INFO:_master_model_container: 2
2024-07-05 18:28:01,918:INFO:_display_container: 2
2024-07-05 18:28:01,918:INFO:KNeighborsClassifier(algorithm='auto', leaf_size=30, metric='minkowski',
                     metric_params=None, n_jobs=-1, n_neighbors=5, p=2,
                     weights='uniform')
2024-07-05 18:28:01,918:INFO:create_model() successfully completed......................................
2024-07-05 18:28:01,977:INFO:SubProcess create_model() end ==================================
2024-07-05 18:28:01,978:INFO:Creating metrics dataframe
2024-07-05 18:28:01,981:INFO:Initializing Naive Bayes
2024-07-05 18:28:01,981:INFO:Total runtime is 0.14566933711369834 minutes
2024-07-05 18:28:01,983:INFO:SubProcess create_model() called ==================================
2024-07-05 18:28:01,983:INFO:Initializing create_model()
2024-07-05 18:28:01,983:INFO:create_model(self=<pycaret.classification.oop.ClassificationExperiment object at 0x000001BAA1A02690>, estimator=nb, fold=StratifiedKFold(n_splits=10, random_state=None, shuffle=False), round=4, cross_validation=True, predict=True, fit_kwargs={}, groups=None, refit=False, probability_threshold=None, experiment_custom_tags=None, verbose=False, system=False, add_to_model_list=True, metrics=None, display=<pycaret.internal.display.display.CommonDisplay object at 0x000001BAAD85EE50>, model_only=True, return_train_score=False, error_score=0.0, kwargs={})
2024-07-05 18:28:01,983:INFO:Checking exceptions
2024-07-05 18:28:01,983:INFO:Importing libraries
2024-07-05 18:28:01,983:INFO:Copying training dataset
2024-07-05 18:28:01,991:INFO:Defining folds
2024-07-05 18:28:01,991:INFO:Declaring metric variables
2024-07-05 18:28:01,993:INFO:Importing untrained model
2024-07-05 18:28:01,994:INFO:Naive Bayes Imported successfully
2024-07-05 18:28:01,997:INFO:Starting cross validation
2024-07-05 18:28:01,997:INFO:Cross validating with StratifiedKFold(n_splits=10, random_state=None, shuffle=False), n_jobs=-1
2024-07-05 18:28:04,473:WARNING:c:\Users\User\OneDrive\Documentos\GitHub\Prueba-Tecnica\.venv\Lib\site-packages\sklearn\metrics\_classification.py:1509: UndefinedMetricWarning: Precision is ill-defined and being set to 0.0 due to no predicted samples. Use `zero_division` parameter to control this behavior.
  _warn_prf(average, modifier, f"{metric.capitalize()} is", len(result))

2024-07-05 18:28:04,563:WARNING:c:\Users\User\OneDrive\Documentos\GitHub\Prueba-Tecnica\.venv\Lib\site-packages\sklearn\metrics\_classification.py:1509: UndefinedMetricWarning: Precision is ill-defined and being set to 0.0 due to no predicted samples. Use `zero_division` parameter to control this behavior.
  _warn_prf(average, modifier, f"{metric.capitalize()} is", len(result))

2024-07-05 18:28:04,585:WARNING:c:\Users\User\OneDrive\Documentos\GitHub\Prueba-Tecnica\.venv\Lib\site-packages\sklearn\metrics\_classification.py:1509: UndefinedMetricWarning: Precision is ill-defined and being set to 0.0 due to no predicted samples. Use `zero_division` parameter to control this behavior.
  _warn_prf(average, modifier, f"{metric.capitalize()} is", len(result))

2024-07-05 18:28:04,646:WARNING:c:\Users\User\OneDrive\Documentos\GitHub\Prueba-Tecnica\.venv\Lib\site-packages\sklearn\metrics\_classification.py:1509: UndefinedMetricWarning: Precision is ill-defined and being set to 0.0 due to no predicted samples. Use `zero_division` parameter to control this behavior.
  _warn_prf(average, modifier, f"{metric.capitalize()} is", len(result))

2024-07-05 18:28:04,754:WARNING:c:\Users\User\OneDrive\Documentos\GitHub\Prueba-Tecnica\.venv\Lib\site-packages\sklearn\metrics\_classification.py:1509: UndefinedMetricWarning: Precision is ill-defined and being set to 0.0 due to no predicted samples. Use `zero_division` parameter to control this behavior.
  _warn_prf(average, modifier, f"{metric.capitalize()} is", len(result))

2024-07-05 18:28:04,767:WARNING:c:\Users\User\OneDrive\Documentos\GitHub\Prueba-Tecnica\.venv\Lib\site-packages\sklearn\metrics\_classification.py:1509: UndefinedMetricWarning: Precision is ill-defined and being set to 0.0 due to no predicted samples. Use `zero_division` parameter to control this behavior.
  _warn_prf(average, modifier, f"{metric.capitalize()} is", len(result))

2024-07-05 18:28:04,775:WARNING:c:\Users\User\OneDrive\Documentos\GitHub\Prueba-Tecnica\.venv\Lib\site-packages\sklearn\metrics\_classification.py:1509: UndefinedMetricWarning: Precision is ill-defined and being set to 0.0 due to no predicted samples. Use `zero_division` parameter to control this behavior.
  _warn_prf(average, modifier, f"{metric.capitalize()} is", len(result))

2024-07-05 18:28:04,784:WARNING:c:\Users\User\OneDrive\Documentos\GitHub\Prueba-Tecnica\.venv\Lib\site-packages\sklearn\metrics\_classification.py:1509: UndefinedMetricWarning: Precision is ill-defined and being set to 0.0 due to no predicted samples. Use `zero_division` parameter to control this behavior.
  _warn_prf(average, modifier, f"{metric.capitalize()} is", len(result))

2024-07-05 18:28:04,796:INFO:Calculating mean and std
2024-07-05 18:28:04,797:INFO:Creating metrics dataframe
2024-07-05 18:28:04,798:INFO:Uploading results into container
2024-07-05 18:28:04,798:INFO:Uploading model into container now
2024-07-05 18:28:04,798:INFO:_master_model_container: 3
2024-07-05 18:28:04,798:INFO:_display_container: 2
2024-07-05 18:28:04,798:INFO:GaussianNB(priors=None, var_smoothing=1e-09)
2024-07-05 18:28:04,798:INFO:create_model() successfully completed......................................
2024-07-05 18:28:04,855:INFO:SubProcess create_model() end ==================================
2024-07-05 18:28:04,856:INFO:Creating metrics dataframe
2024-07-05 18:28:04,860:INFO:Initializing Decision Tree Classifier
2024-07-05 18:28:04,860:INFO:Total runtime is 0.19365006685256958 minutes
2024-07-05 18:28:04,861:INFO:SubProcess create_model() called ==================================
2024-07-05 18:28:04,861:INFO:Initializing create_model()
2024-07-05 18:28:04,862:INFO:create_model(self=<pycaret.classification.oop.ClassificationExperiment object at 0x000001BAA1A02690>, estimator=dt, fold=StratifiedKFold(n_splits=10, random_state=None, shuffle=False), round=4, cross_validation=True, predict=True, fit_kwargs={}, groups=None, refit=False, probability_threshold=None, experiment_custom_tags=None, verbose=False, system=False, add_to_model_list=True, metrics=None, display=<pycaret.internal.display.display.CommonDisplay object at 0x000001BAAD85EE50>, model_only=True, return_train_score=False, error_score=0.0, kwargs={})
2024-07-05 18:28:04,862:INFO:Checking exceptions
2024-07-05 18:28:04,862:INFO:Importing libraries
2024-07-05 18:28:04,862:INFO:Copying training dataset
2024-07-05 18:28:04,869:INFO:Defining folds
2024-07-05 18:28:04,869:INFO:Declaring metric variables
2024-07-05 18:28:04,870:INFO:Importing untrained model
2024-07-05 18:28:04,872:INFO:Decision Tree Classifier Imported successfully
2024-07-05 18:28:04,876:INFO:Starting cross validation
2024-07-05 18:28:04,877:INFO:Cross validating with StratifiedKFold(n_splits=10, random_state=None, shuffle=False), n_jobs=-1
2024-07-05 18:28:06,447:INFO:Calculating mean and std
2024-07-05 18:28:06,447:INFO:Creating metrics dataframe
2024-07-05 18:28:06,449:INFO:Uploading results into container
2024-07-05 18:28:06,449:INFO:Uploading model into container now
2024-07-05 18:28:06,449:INFO:_master_model_container: 4
2024-07-05 18:28:06,449:INFO:_display_container: 2
2024-07-05 18:28:06,449:INFO:DecisionTreeClassifier(ccp_alpha=0.0, class_weight=None, criterion='gini',
                       max_depth=None, max_features=None, max_leaf_nodes=None,
                       min_impurity_decrease=0.0, min_samples_leaf=1,
                       min_samples_split=2, min_weight_fraction_leaf=0.0,
                       monotonic_cst=None, random_state=456, splitter='best')
2024-07-05 18:28:06,449:INFO:create_model() successfully completed......................................
2024-07-05 18:28:06,507:INFO:SubProcess create_model() end ==================================
2024-07-05 18:28:06,507:INFO:Creating metrics dataframe
2024-07-05 18:28:06,510:INFO:Initializing SVM - Linear Kernel
2024-07-05 18:28:06,510:INFO:Total runtime is 0.22116382122039796 minutes
2024-07-05 18:28:06,512:INFO:SubProcess create_model() called ==================================
2024-07-05 18:28:06,512:INFO:Initializing create_model()
2024-07-05 18:28:06,512:INFO:create_model(self=<pycaret.classification.oop.ClassificationExperiment object at 0x000001BAA1A02690>, estimator=svm, fold=StratifiedKFold(n_splits=10, random_state=None, shuffle=False), round=4, cross_validation=True, predict=True, fit_kwargs={}, groups=None, refit=False, probability_threshold=None, experiment_custom_tags=None, verbose=False, system=False, add_to_model_list=True, metrics=None, display=<pycaret.internal.display.display.CommonDisplay object at 0x000001BAAD85EE50>, model_only=True, return_train_score=False, error_score=0.0, kwargs={})
2024-07-05 18:28:06,512:INFO:Checking exceptions
2024-07-05 18:28:06,512:INFO:Importing libraries
2024-07-05 18:28:06,512:INFO:Copying training dataset
2024-07-05 18:28:06,519:INFO:Defining folds
2024-07-05 18:28:06,519:INFO:Declaring metric variables
2024-07-05 18:28:06,521:INFO:Importing untrained model
2024-07-05 18:28:06,522:INFO:SVM - Linear Kernel Imported successfully
2024-07-05 18:28:06,526:INFO:Starting cross validation
2024-07-05 18:28:06,527:INFO:Cross validating with StratifiedKFold(n_splits=10, random_state=None, shuffle=False), n_jobs=-1
2024-07-05 18:28:06,744:WARNING:c:\Users\User\OneDrive\Documentos\GitHub\Prueba-Tecnica\.venv\Lib\site-packages\sklearn\metrics\_classification.py:1509: UndefinedMetricWarning: Precision is ill-defined and being set to 0.0 due to no predicted samples. Use `zero_division` parameter to control this behavior.
  _warn_prf(average, modifier, f"{metric.capitalize()} is", len(result))

2024-07-05 18:28:06,763:WARNING:c:\Users\User\OneDrive\Documentos\GitHub\Prueba-Tecnica\.venv\Lib\site-packages\sklearn\metrics\_classification.py:1509: UndefinedMetricWarning: Precision is ill-defined and being set to 0.0 due to no predicted samples. Use `zero_division` parameter to control this behavior.
  _warn_prf(average, modifier, f"{metric.capitalize()} is", len(result))

2024-07-05 18:28:06,774:WARNING:c:\Users\User\OneDrive\Documentos\GitHub\Prueba-Tecnica\.venv\Lib\site-packages\sklearn\metrics\_classification.py:1509: UndefinedMetricWarning: Precision is ill-defined and being set to 0.0 due to no predicted samples. Use `zero_division` parameter to control this behavior.
  _warn_prf(average, modifier, f"{metric.capitalize()} is", len(result))

2024-07-05 18:28:06,775:WARNING:c:\Users\User\OneDrive\Documentos\GitHub\Prueba-Tecnica\.venv\Lib\site-packages\sklearn\metrics\_classification.py:1509: UndefinedMetricWarning: Precision is ill-defined and being set to 0.0 due to no predicted samples. Use `zero_division` parameter to control this behavior.
  _warn_prf(average, modifier, f"{metric.capitalize()} is", len(result))

2024-07-05 18:28:06,775:WARNING:c:\Users\User\OneDrive\Documentos\GitHub\Prueba-Tecnica\.venv\Lib\site-packages\sklearn\metrics\_classification.py:1509: UndefinedMetricWarning: Precision is ill-defined and being set to 0.0 due to no predicted samples. Use `zero_division` parameter to control this behavior.
  _warn_prf(average, modifier, f"{metric.capitalize()} is", len(result))

2024-07-05 18:28:06,792:WARNING:c:\Users\User\OneDrive\Documentos\GitHub\Prueba-Tecnica\.venv\Lib\site-packages\sklearn\metrics\_classification.py:1509: UndefinedMetricWarning: Precision is ill-defined and being set to 0.0 due to no predicted samples. Use `zero_division` parameter to control this behavior.
  _warn_prf(average, modifier, f"{metric.capitalize()} is", len(result))

2024-07-05 18:28:06,793:WARNING:c:\Users\User\OneDrive\Documentos\GitHub\Prueba-Tecnica\.venv\Lib\site-packages\sklearn\metrics\_classification.py:1509: UndefinedMetricWarning: Precision is ill-defined and being set to 0.0 due to no predicted samples. Use `zero_division` parameter to control this behavior.
  _warn_prf(average, modifier, f"{metric.capitalize()} is", len(result))

2024-07-05 18:28:06,863:WARNING:c:\Users\User\OneDrive\Documentos\GitHub\Prueba-Tecnica\.venv\Lib\site-packages\sklearn\metrics\_classification.py:1509: UndefinedMetricWarning: Precision is ill-defined and being set to 0.0 due to no predicted samples. Use `zero_division` parameter to control this behavior.
  _warn_prf(average, modifier, f"{metric.capitalize()} is", len(result))

2024-07-05 18:28:06,871:WARNING:c:\Users\User\OneDrive\Documentos\GitHub\Prueba-Tecnica\.venv\Lib\site-packages\sklearn\metrics\_classification.py:1509: UndefinedMetricWarning: Precision is ill-defined and being set to 0.0 due to no predicted samples. Use `zero_division` parameter to control this behavior.
  _warn_prf(average, modifier, f"{metric.capitalize()} is", len(result))

2024-07-05 18:28:06,873:WARNING:c:\Users\User\OneDrive\Documentos\GitHub\Prueba-Tecnica\.venv\Lib\site-packages\sklearn\metrics\_classification.py:1509: UndefinedMetricWarning: Precision is ill-defined and being set to 0.0 due to no predicted samples. Use `zero_division` parameter to control this behavior.
  _warn_prf(average, modifier, f"{metric.capitalize()} is", len(result))

2024-07-05 18:28:06,879:INFO:Calculating mean and std
2024-07-05 18:28:06,879:INFO:Creating metrics dataframe
2024-07-05 18:28:06,881:INFO:Uploading results into container
2024-07-05 18:28:06,881:INFO:Uploading model into container now
2024-07-05 18:28:06,882:INFO:_master_model_container: 5
2024-07-05 18:28:06,882:INFO:_display_container: 2
2024-07-05 18:28:06,882:INFO:SGDClassifier(alpha=0.0001, average=False, class_weight=None,
              early_stopping=False, epsilon=0.1, eta0=0.001, fit_intercept=True,
              l1_ratio=0.15, learning_rate='optimal', loss='hinge',
              max_iter=1000, n_iter_no_change=5, n_jobs=-1, penalty='l2',
              power_t=0.5, random_state=456, shuffle=True, tol=0.001,
              validation_fraction=0.1, verbose=0, warm_start=False)
2024-07-05 18:28:06,882:INFO:create_model() successfully completed......................................
2024-07-05 18:28:06,937:INFO:SubProcess create_model() end ==================================
2024-07-05 18:28:06,937:INFO:Creating metrics dataframe
2024-07-05 18:28:06,940:INFO:Initializing Ridge Classifier
2024-07-05 18:28:06,941:INFO:Total runtime is 0.2283437689145406 minutes
2024-07-05 18:28:06,943:INFO:SubProcess create_model() called ==================================
2024-07-05 18:28:06,943:INFO:Initializing create_model()
2024-07-05 18:28:06,943:INFO:create_model(self=<pycaret.classification.oop.ClassificationExperiment object at 0x000001BAA1A02690>, estimator=ridge, fold=StratifiedKFold(n_splits=10, random_state=None, shuffle=False), round=4, cross_validation=True, predict=True, fit_kwargs={}, groups=None, refit=False, probability_threshold=None, experiment_custom_tags=None, verbose=False, system=False, add_to_model_list=True, metrics=None, display=<pycaret.internal.display.display.CommonDisplay object at 0x000001BAAD85EE50>, model_only=True, return_train_score=False, error_score=0.0, kwargs={})
2024-07-05 18:28:06,943:INFO:Checking exceptions
2024-07-05 18:28:06,943:INFO:Importing libraries
2024-07-05 18:28:06,943:INFO:Copying training dataset
2024-07-05 18:28:06,950:INFO:Defining folds
2024-07-05 18:28:06,950:INFO:Declaring metric variables
2024-07-05 18:28:06,951:INFO:Importing untrained model
2024-07-05 18:28:06,953:INFO:Ridge Classifier Imported successfully
2024-07-05 18:28:06,956:INFO:Starting cross validation
2024-07-05 18:28:06,957:INFO:Cross validating with StratifiedKFold(n_splits=10, random_state=None, shuffle=False), n_jobs=-1
2024-07-05 18:28:07,004:WARNING:c:\Users\User\OneDrive\Documentos\GitHub\Prueba-Tecnica\.venv\Lib\site-packages\sklearn\metrics\_classification.py:1509: UndefinedMetricWarning: Precision is ill-defined and being set to 0.0 due to no predicted samples. Use `zero_division` parameter to control this behavior.
  _warn_prf(average, modifier, f"{metric.capitalize()} is", len(result))

2024-07-05 18:28:07,005:WARNING:c:\Users\User\OneDrive\Documentos\GitHub\Prueba-Tecnica\.venv\Lib\site-packages\sklearn\metrics\_classification.py:1509: UndefinedMetricWarning: Precision is ill-defined and being set to 0.0 due to no predicted samples. Use `zero_division` parameter to control this behavior.
  _warn_prf(average, modifier, f"{metric.capitalize()} is", len(result))

2024-07-05 18:28:07,005:WARNING:c:\Users\User\OneDrive\Documentos\GitHub\Prueba-Tecnica\.venv\Lib\site-packages\sklearn\metrics\_classification.py:1509: UndefinedMetricWarning: Precision is ill-defined and being set to 0.0 due to no predicted samples. Use `zero_division` parameter to control this behavior.
  _warn_prf(average, modifier, f"{metric.capitalize()} is", len(result))

2024-07-05 18:28:07,009:WARNING:c:\Users\User\OneDrive\Documentos\GitHub\Prueba-Tecnica\.venv\Lib\site-packages\sklearn\metrics\_classification.py:1509: UndefinedMetricWarning: Precision is ill-defined and being set to 0.0 due to no predicted samples. Use `zero_division` parameter to control this behavior.
  _warn_prf(average, modifier, f"{metric.capitalize()} is", len(result))

2024-07-05 18:28:07,009:WARNING:c:\Users\User\OneDrive\Documentos\GitHub\Prueba-Tecnica\.venv\Lib\site-packages\sklearn\metrics\_classification.py:1509: UndefinedMetricWarning: Precision is ill-defined and being set to 0.0 due to no predicted samples. Use `zero_division` parameter to control this behavior.
  _warn_prf(average, modifier, f"{metric.capitalize()} is", len(result))

2024-07-05 18:28:07,013:WARNING:c:\Users\User\OneDrive\Documentos\GitHub\Prueba-Tecnica\.venv\Lib\site-packages\sklearn\metrics\_classification.py:1509: UndefinedMetricWarning: Precision is ill-defined and being set to 0.0 due to no predicted samples. Use `zero_division` parameter to control this behavior.
  _warn_prf(average, modifier, f"{metric.capitalize()} is", len(result))

2024-07-05 18:28:07,014:WARNING:c:\Users\User\OneDrive\Documentos\GitHub\Prueba-Tecnica\.venv\Lib\site-packages\sklearn\metrics\_classification.py:1509: UndefinedMetricWarning: Precision is ill-defined and being set to 0.0 due to no predicted samples. Use `zero_division` parameter to control this behavior.
  _warn_prf(average, modifier, f"{metric.capitalize()} is", len(result))

2024-07-05 18:28:07,015:WARNING:c:\Users\User\OneDrive\Documentos\GitHub\Prueba-Tecnica\.venv\Lib\site-packages\sklearn\metrics\_classification.py:1509: UndefinedMetricWarning: Precision is ill-defined and being set to 0.0 due to no predicted samples. Use `zero_division` parameter to control this behavior.
  _warn_prf(average, modifier, f"{metric.capitalize()} is", len(result))

2024-07-05 18:28:07,016:WARNING:c:\Users\User\OneDrive\Documentos\GitHub\Prueba-Tecnica\.venv\Lib\site-packages\sklearn\metrics\_classification.py:1509: UndefinedMetricWarning: Precision is ill-defined and being set to 0.0 due to no predicted samples. Use `zero_division` parameter to control this behavior.
  _warn_prf(average, modifier, f"{metric.capitalize()} is", len(result))

2024-07-05 18:28:07,017:WARNING:c:\Users\User\OneDrive\Documentos\GitHub\Prueba-Tecnica\.venv\Lib\site-packages\sklearn\metrics\_classification.py:1509: UndefinedMetricWarning: Precision is ill-defined and being set to 0.0 due to no predicted samples. Use `zero_division` parameter to control this behavior.
  _warn_prf(average, modifier, f"{metric.capitalize()} is", len(result))

2024-07-05 18:28:07,028:INFO:Calculating mean and std
2024-07-05 18:28:07,028:INFO:Creating metrics dataframe
2024-07-05 18:28:07,029:INFO:Uploading results into container
2024-07-05 18:28:07,029:INFO:Uploading model into container now
2024-07-05 18:28:07,029:INFO:_master_model_container: 6
2024-07-05 18:28:07,030:INFO:_display_container: 2
2024-07-05 18:28:07,030:INFO:RidgeClassifier(alpha=1.0, class_weight=None, copy_X=True, fit_intercept=True,
                max_iter=None, positive=False, random_state=456, solver='auto',
                tol=0.0001)
2024-07-05 18:28:07,030:INFO:create_model() successfully completed......................................
2024-07-05 18:28:07,087:INFO:SubProcess create_model() end ==================================
2024-07-05 18:28:07,088:INFO:Creating metrics dataframe
2024-07-05 18:28:07,091:INFO:Initializing Random Forest Classifier
2024-07-05 18:28:07,092:INFO:Total runtime is 0.2308624307314555 minutes
2024-07-05 18:28:07,093:INFO:SubProcess create_model() called ==================================
2024-07-05 18:28:07,093:INFO:Initializing create_model()
2024-07-05 18:28:07,093:INFO:create_model(self=<pycaret.classification.oop.ClassificationExperiment object at 0x000001BAA1A02690>, estimator=rf, fold=StratifiedKFold(n_splits=10, random_state=None, shuffle=False), round=4, cross_validation=True, predict=True, fit_kwargs={}, groups=None, refit=False, probability_threshold=None, experiment_custom_tags=None, verbose=False, system=False, add_to_model_list=True, metrics=None, display=<pycaret.internal.display.display.CommonDisplay object at 0x000001BAAD85EE50>, model_only=True, return_train_score=False, error_score=0.0, kwargs={})
2024-07-05 18:28:07,093:INFO:Checking exceptions
2024-07-05 18:28:07,094:INFO:Importing libraries
2024-07-05 18:28:07,094:INFO:Copying training dataset
2024-07-05 18:28:07,101:INFO:Defining folds
2024-07-05 18:28:07,101:INFO:Declaring metric variables
2024-07-05 18:28:07,103:INFO:Importing untrained model
2024-07-05 18:28:07,104:INFO:Random Forest Classifier Imported successfully
2024-07-05 18:28:07,108:INFO:Starting cross validation
2024-07-05 18:28:07,108:INFO:Cross validating with StratifiedKFold(n_splits=10, random_state=None, shuffle=False), n_jobs=-1
2024-07-05 18:28:08,499:INFO:Calculating mean and std
2024-07-05 18:28:08,500:INFO:Creating metrics dataframe
2024-07-05 18:28:08,501:INFO:Uploading results into container
2024-07-05 18:28:08,502:INFO:Uploading model into container now
2024-07-05 18:28:08,502:INFO:_master_model_container: 7
2024-07-05 18:28:08,502:INFO:_display_container: 2
2024-07-05 18:28:08,502:INFO:RandomForestClassifier(bootstrap=True, ccp_alpha=0.0, class_weight=None,
                       criterion='gini', max_depth=None, max_features='sqrt',
                       max_leaf_nodes=None, max_samples=None,
                       min_impurity_decrease=0.0, min_samples_leaf=1,
                       min_samples_split=2, min_weight_fraction_leaf=0.0,
                       monotonic_cst=None, n_estimators=100, n_jobs=-1,
                       oob_score=False, random_state=456, verbose=0,
                       warm_start=False)
2024-07-05 18:28:08,502:INFO:create_model() successfully completed......................................
2024-07-05 18:28:08,559:INFO:SubProcess create_model() end ==================================
2024-07-05 18:28:08,559:INFO:Creating metrics dataframe
2024-07-05 18:28:08,563:INFO:Initializing Quadratic Discriminant Analysis
2024-07-05 18:28:08,563:INFO:Total runtime is 0.2553698698679606 minutes
2024-07-05 18:28:08,565:INFO:SubProcess create_model() called ==================================
2024-07-05 18:28:08,565:INFO:Initializing create_model()
2024-07-05 18:28:08,565:INFO:create_model(self=<pycaret.classification.oop.ClassificationExperiment object at 0x000001BAA1A02690>, estimator=qda, fold=StratifiedKFold(n_splits=10, random_state=None, shuffle=False), round=4, cross_validation=True, predict=True, fit_kwargs={}, groups=None, refit=False, probability_threshold=None, experiment_custom_tags=None, verbose=False, system=False, add_to_model_list=True, metrics=None, display=<pycaret.internal.display.display.CommonDisplay object at 0x000001BAAD85EE50>, model_only=True, return_train_score=False, error_score=0.0, kwargs={})
2024-07-05 18:28:08,565:INFO:Checking exceptions
2024-07-05 18:28:08,565:INFO:Importing libraries
2024-07-05 18:28:08,565:INFO:Copying training dataset
2024-07-05 18:28:08,573:INFO:Defining folds
2024-07-05 18:28:08,574:INFO:Declaring metric variables
2024-07-05 18:28:08,575:INFO:Importing untrained model
2024-07-05 18:28:08,577:INFO:Quadratic Discriminant Analysis Imported successfully
2024-07-05 18:28:08,579:INFO:Starting cross validation
2024-07-05 18:28:08,580:INFO:Cross validating with StratifiedKFold(n_splits=10, random_state=None, shuffle=False), n_jobs=-1
2024-07-05 18:28:08,628:WARNING:c:\Users\User\OneDrive\Documentos\GitHub\Prueba-Tecnica\.venv\Lib\site-packages\sklearn\discriminant_analysis.py:935: UserWarning: Variables are collinear
  warnings.warn("Variables are collinear")

2024-07-05 18:28:08,628:WARNING:c:\Users\User\OneDrive\Documentos\GitHub\Prueba-Tecnica\.venv\Lib\site-packages\sklearn\discriminant_analysis.py:935: UserWarning: Variables are collinear
  warnings.warn("Variables are collinear")

2024-07-05 18:28:08,629:WARNING:c:\Users\User\OneDrive\Documentos\GitHub\Prueba-Tecnica\.venv\Lib\site-packages\sklearn\discriminant_analysis.py:935: UserWarning: Variables are collinear
  warnings.warn("Variables are collinear")

2024-07-05 18:28:08,629:WARNING:c:\Users\User\OneDrive\Documentos\GitHub\Prueba-Tecnica\.venv\Lib\site-packages\sklearn\discriminant_analysis.py:935: UserWarning: Variables are collinear
  warnings.warn("Variables are collinear")

2024-07-05 18:28:08,634:WARNING:c:\Users\User\OneDrive\Documentos\GitHub\Prueba-Tecnica\.venv\Lib\site-packages\sklearn\discriminant_analysis.py:935: UserWarning: Variables are collinear
  warnings.warn("Variables are collinear")

2024-07-05 18:28:08,638:WARNING:c:\Users\User\OneDrive\Documentos\GitHub\Prueba-Tecnica\.venv\Lib\site-packages\sklearn\discriminant_analysis.py:935: UserWarning: Variables are collinear
  warnings.warn("Variables are collinear")

2024-07-05 18:28:08,646:WARNING:c:\Users\User\OneDrive\Documentos\GitHub\Prueba-Tecnica\.venv\Lib\site-packages\sklearn\discriminant_analysis.py:935: UserWarning: Variables are collinear
  warnings.warn("Variables are collinear")

2024-07-05 18:28:08,647:WARNING:c:\Users\User\OneDrive\Documentos\GitHub\Prueba-Tecnica\.venv\Lib\site-packages\sklearn\discriminant_analysis.py:935: UserWarning: Variables are collinear
  warnings.warn("Variables are collinear")

2024-07-05 18:28:08,648:WARNING:c:\Users\User\OneDrive\Documentos\GitHub\Prueba-Tecnica\.venv\Lib\site-packages\sklearn\discriminant_analysis.py:935: UserWarning: Variables are collinear
  warnings.warn("Variables are collinear")

2024-07-05 18:28:08,654:WARNING:c:\Users\User\OneDrive\Documentos\GitHub\Prueba-Tecnica\.venv\Lib\site-packages\sklearn\discriminant_analysis.py:935: UserWarning: Variables are collinear
  warnings.warn("Variables are collinear")

2024-07-05 18:28:08,674:INFO:Calculating mean and std
2024-07-05 18:28:08,675:INFO:Creating metrics dataframe
2024-07-05 18:28:08,676:INFO:Uploading results into container
2024-07-05 18:28:08,676:INFO:Uploading model into container now
2024-07-05 18:28:08,677:INFO:_master_model_container: 8
2024-07-05 18:28:08,677:INFO:_display_container: 2
2024-07-05 18:28:08,677:INFO:QuadraticDiscriminantAnalysis(priors=None, reg_param=0.0,
                              store_covariance=False, tol=0.0001)
2024-07-05 18:28:08,677:INFO:create_model() successfully completed......................................
2024-07-05 18:28:08,742:INFO:SubProcess create_model() end ==================================
2024-07-05 18:28:08,742:INFO:Creating metrics dataframe
2024-07-05 18:28:08,747:INFO:Initializing Ada Boost Classifier
2024-07-05 18:28:08,747:INFO:Total runtime is 0.25844166278839115 minutes
2024-07-05 18:28:08,748:INFO:SubProcess create_model() called ==================================
2024-07-05 18:28:08,748:INFO:Initializing create_model()
2024-07-05 18:28:08,749:INFO:create_model(self=<pycaret.classification.oop.ClassificationExperiment object at 0x000001BAA1A02690>, estimator=ada, fold=StratifiedKFold(n_splits=10, random_state=None, shuffle=False), round=4, cross_validation=True, predict=True, fit_kwargs={}, groups=None, refit=False, probability_threshold=None, experiment_custom_tags=None, verbose=False, system=False, add_to_model_list=True, metrics=None, display=<pycaret.internal.display.display.CommonDisplay object at 0x000001BAAD85EE50>, model_only=True, return_train_score=False, error_score=0.0, kwargs={})
2024-07-05 18:28:08,749:INFO:Checking exceptions
2024-07-05 18:28:08,749:INFO:Importing libraries
2024-07-05 18:28:08,749:INFO:Copying training dataset
2024-07-05 18:28:08,755:INFO:Defining folds
2024-07-05 18:28:08,756:INFO:Declaring metric variables
2024-07-05 18:28:08,757:INFO:Importing untrained model
2024-07-05 18:28:08,759:INFO:Ada Boost Classifier Imported successfully
2024-07-05 18:28:08,761:INFO:Starting cross validation
2024-07-05 18:28:08,762:INFO:Cross validating with StratifiedKFold(n_splits=10, random_state=None, shuffle=False), n_jobs=-1
2024-07-05 18:28:08,785:WARNING:c:\Users\User\OneDrive\Documentos\GitHub\Prueba-Tecnica\.venv\Lib\site-packages\sklearn\ensemble\_weight_boosting.py:519: FutureWarning: The SAMME.R algorithm (the default) is deprecated and will be removed in 1.6. Use the SAMME algorithm to circumvent this warning.
  warnings.warn(

2024-07-05 18:28:08,787:WARNING:c:\Users\User\OneDrive\Documentos\GitHub\Prueba-Tecnica\.venv\Lib\site-packages\sklearn\ensemble\_weight_boosting.py:519: FutureWarning: The SAMME.R algorithm (the default) is deprecated and will be removed in 1.6. Use the SAMME algorithm to circumvent this warning.
  warnings.warn(

2024-07-05 18:28:08,789:WARNING:c:\Users\User\OneDrive\Documentos\GitHub\Prueba-Tecnica\.venv\Lib\site-packages\sklearn\ensemble\_weight_boosting.py:519: FutureWarning: The SAMME.R algorithm (the default) is deprecated and will be removed in 1.6. Use the SAMME algorithm to circumvent this warning.
  warnings.warn(

2024-07-05 18:28:08,791:WARNING:c:\Users\User\OneDrive\Documentos\GitHub\Prueba-Tecnica\.venv\Lib\site-packages\sklearn\ensemble\_weight_boosting.py:519: FutureWarning: The SAMME.R algorithm (the default) is deprecated and will be removed in 1.6. Use the SAMME algorithm to circumvent this warning.
  warnings.warn(

2024-07-05 18:28:08,796:WARNING:c:\Users\User\OneDrive\Documentos\GitHub\Prueba-Tecnica\.venv\Lib\site-packages\sklearn\ensemble\_weight_boosting.py:519: FutureWarning: The SAMME.R algorithm (the default) is deprecated and will be removed in 1.6. Use the SAMME algorithm to circumvent this warning.
  warnings.warn(

2024-07-05 18:28:08,796:WARNING:c:\Users\User\OneDrive\Documentos\GitHub\Prueba-Tecnica\.venv\Lib\site-packages\sklearn\ensemble\_weight_boosting.py:519: FutureWarning: The SAMME.R algorithm (the default) is deprecated and will be removed in 1.6. Use the SAMME algorithm to circumvent this warning.
  warnings.warn(

2024-07-05 18:28:08,802:WARNING:c:\Users\User\OneDrive\Documentos\GitHub\Prueba-Tecnica\.venv\Lib\site-packages\sklearn\ensemble\_weight_boosting.py:519: FutureWarning: The SAMME.R algorithm (the default) is deprecated and will be removed in 1.6. Use the SAMME algorithm to circumvent this warning.
  warnings.warn(

2024-07-05 18:28:08,807:WARNING:c:\Users\User\OneDrive\Documentos\GitHub\Prueba-Tecnica\.venv\Lib\site-packages\sklearn\ensemble\_weight_boosting.py:519: FutureWarning: The SAMME.R algorithm (the default) is deprecated and will be removed in 1.6. Use the SAMME algorithm to circumvent this warning.
  warnings.warn(

2024-07-05 18:28:08,810:WARNING:c:\Users\User\OneDrive\Documentos\GitHub\Prueba-Tecnica\.venv\Lib\site-packages\sklearn\ensemble\_weight_boosting.py:519: FutureWarning: The SAMME.R algorithm (the default) is deprecated and will be removed in 1.6. Use the SAMME algorithm to circumvent this warning.
  warnings.warn(

2024-07-05 18:28:08,810:WARNING:c:\Users\User\OneDrive\Documentos\GitHub\Prueba-Tecnica\.venv\Lib\site-packages\sklearn\ensemble\_weight_boosting.py:519: FutureWarning: The SAMME.R algorithm (the default) is deprecated and will be removed in 1.6. Use the SAMME algorithm to circumvent this warning.
  warnings.warn(

2024-07-05 18:28:09,320:WARNING:c:\Users\User\OneDrive\Documentos\GitHub\Prueba-Tecnica\.venv\Lib\site-packages\sklearn\metrics\_classification.py:1509: UndefinedMetricWarning: Precision is ill-defined and being set to 0.0 due to no predicted samples. Use `zero_division` parameter to control this behavior.
  _warn_prf(average, modifier, f"{metric.capitalize()} is", len(result))

2024-07-05 18:28:09,323:WARNING:c:\Users\User\OneDrive\Documentos\GitHub\Prueba-Tecnica\.venv\Lib\site-packages\sklearn\metrics\_classification.py:1509: UndefinedMetricWarning: Precision is ill-defined and being set to 0.0 due to no predicted samples. Use `zero_division` parameter to control this behavior.
  _warn_prf(average, modifier, f"{metric.capitalize()} is", len(result))

2024-07-05 18:28:09,330:WARNING:c:\Users\User\OneDrive\Documentos\GitHub\Prueba-Tecnica\.venv\Lib\site-packages\sklearn\metrics\_classification.py:1509: UndefinedMetricWarning: Precision is ill-defined and being set to 0.0 due to no predicted samples. Use `zero_division` parameter to control this behavior.
  _warn_prf(average, modifier, f"{metric.capitalize()} is", len(result))

2024-07-05 18:28:09,337:WARNING:c:\Users\User\OneDrive\Documentos\GitHub\Prueba-Tecnica\.venv\Lib\site-packages\sklearn\metrics\_classification.py:1509: UndefinedMetricWarning: Precision is ill-defined and being set to 0.0 due to no predicted samples. Use `zero_division` parameter to control this behavior.
  _warn_prf(average, modifier, f"{metric.capitalize()} is", len(result))

2024-07-05 18:28:09,339:WARNING:c:\Users\User\OneDrive\Documentos\GitHub\Prueba-Tecnica\.venv\Lib\site-packages\sklearn\metrics\_classification.py:1509: UndefinedMetricWarning: Precision is ill-defined and being set to 0.0 due to no predicted samples. Use `zero_division` parameter to control this behavior.
  _warn_prf(average, modifier, f"{metric.capitalize()} is", len(result))

2024-07-05 18:28:09,351:WARNING:c:\Users\User\OneDrive\Documentos\GitHub\Prueba-Tecnica\.venv\Lib\site-packages\sklearn\metrics\_classification.py:1509: UndefinedMetricWarning: Precision is ill-defined and being set to 0.0 due to no predicted samples. Use `zero_division` parameter to control this behavior.
  _warn_prf(average, modifier, f"{metric.capitalize()} is", len(result))

2024-07-05 18:28:09,352:WARNING:c:\Users\User\OneDrive\Documentos\GitHub\Prueba-Tecnica\.venv\Lib\site-packages\sklearn\metrics\_classification.py:1509: UndefinedMetricWarning: Precision is ill-defined and being set to 0.0 due to no predicted samples. Use `zero_division` parameter to control this behavior.
  _warn_prf(average, modifier, f"{metric.capitalize()} is", len(result))

2024-07-05 18:28:09,372:INFO:Calculating mean and std
2024-07-05 18:28:09,372:INFO:Creating metrics dataframe
2024-07-05 18:28:09,373:INFO:Uploading results into container
2024-07-05 18:28:09,374:INFO:Uploading model into container now
2024-07-05 18:28:09,374:INFO:_master_model_container: 9
2024-07-05 18:28:09,374:INFO:_display_container: 2
2024-07-05 18:28:09,374:INFO:AdaBoostClassifier(algorithm='SAMME.R', estimator=None, learning_rate=1.0,
                   n_estimators=50, random_state=456)
2024-07-05 18:28:09,374:INFO:create_model() successfully completed......................................
2024-07-05 18:28:09,430:INFO:SubProcess create_model() end ==================================
2024-07-05 18:28:09,430:INFO:Creating metrics dataframe
2024-07-05 18:28:09,434:INFO:Initializing Gradient Boosting Classifier
2024-07-05 18:28:09,434:INFO:Total runtime is 0.2698831955591838 minutes
2024-07-05 18:28:09,436:INFO:SubProcess create_model() called ==================================
2024-07-05 18:28:09,436:INFO:Initializing create_model()
2024-07-05 18:28:09,436:INFO:create_model(self=<pycaret.classification.oop.ClassificationExperiment object at 0x000001BAA1A02690>, estimator=gbc, fold=StratifiedKFold(n_splits=10, random_state=None, shuffle=False), round=4, cross_validation=True, predict=True, fit_kwargs={}, groups=None, refit=False, probability_threshold=None, experiment_custom_tags=None, verbose=False, system=False, add_to_model_list=True, metrics=None, display=<pycaret.internal.display.display.CommonDisplay object at 0x000001BAAD85EE50>, model_only=True, return_train_score=False, error_score=0.0, kwargs={})
2024-07-05 18:28:09,436:INFO:Checking exceptions
2024-07-05 18:28:09,436:INFO:Importing libraries
2024-07-05 18:28:09,436:INFO:Copying training dataset
2024-07-05 18:28:09,444:INFO:Defining folds
2024-07-05 18:28:09,444:INFO:Declaring metric variables
2024-07-05 18:28:09,445:INFO:Importing untrained model
2024-07-05 18:28:09,446:INFO:Gradient Boosting Classifier Imported successfully
2024-07-05 18:28:09,450:INFO:Starting cross validation
2024-07-05 18:28:09,450:INFO:Cross validating with StratifiedKFold(n_splits=10, random_state=None, shuffle=False), n_jobs=-1
2024-07-05 18:28:11,520:INFO:Calculating mean and std
2024-07-05 18:28:11,521:INFO:Creating metrics dataframe
2024-07-05 18:28:11,522:INFO:Uploading results into container
2024-07-05 18:28:11,522:INFO:Uploading model into container now
2024-07-05 18:28:11,522:INFO:_master_model_container: 10
2024-07-05 18:28:11,522:INFO:_display_container: 2
2024-07-05 18:28:11,523:INFO:GradientBoostingClassifier(ccp_alpha=0.0, criterion='friedman_mse', init=None,
                           learning_rate=0.1, loss='log_loss', max_depth=3,
                           max_features=None, max_leaf_nodes=None,
                           min_impurity_decrease=0.0, min_samples_leaf=1,
                           min_samples_split=2, min_weight_fraction_leaf=0.0,
                           n_estimators=100, n_iter_no_change=None,
                           random_state=456, subsample=1.0, tol=0.0001,
                           validation_fraction=0.1, verbose=0,
                           warm_start=False)
2024-07-05 18:28:11,523:INFO:create_model() successfully completed......................................
2024-07-05 18:28:11,585:INFO:SubProcess create_model() end ==================================
2024-07-05 18:28:11,585:INFO:Creating metrics dataframe
2024-07-05 18:28:11,589:INFO:Initializing Linear Discriminant Analysis
2024-07-05 18:28:11,589:INFO:Total runtime is 0.3058003624280294 minutes
2024-07-05 18:28:11,591:INFO:SubProcess create_model() called ==================================
2024-07-05 18:28:11,591:INFO:Initializing create_model()
2024-07-05 18:28:11,591:INFO:create_model(self=<pycaret.classification.oop.ClassificationExperiment object at 0x000001BAA1A02690>, estimator=lda, fold=StratifiedKFold(n_splits=10, random_state=None, shuffle=False), round=4, cross_validation=True, predict=True, fit_kwargs={}, groups=None, refit=False, probability_threshold=None, experiment_custom_tags=None, verbose=False, system=False, add_to_model_list=True, metrics=None, display=<pycaret.internal.display.display.CommonDisplay object at 0x000001BAAD85EE50>, model_only=True, return_train_score=False, error_score=0.0, kwargs={})
2024-07-05 18:28:11,591:INFO:Checking exceptions
2024-07-05 18:28:11,591:INFO:Importing libraries
2024-07-05 18:28:11,592:INFO:Copying training dataset
2024-07-05 18:28:11,598:INFO:Defining folds
2024-07-05 18:28:11,599:INFO:Declaring metric variables
2024-07-05 18:28:11,600:INFO:Importing untrained model
2024-07-05 18:28:11,601:INFO:Linear Discriminant Analysis Imported successfully
2024-07-05 18:28:11,605:INFO:Starting cross validation
2024-07-05 18:28:11,606:INFO:Cross validating with StratifiedKFold(n_splits=10, random_state=None, shuffle=False), n_jobs=-1
2024-07-05 18:28:11,658:WARNING:c:\Users\User\OneDrive\Documentos\GitHub\Prueba-Tecnica\.venv\Lib\site-packages\sklearn\metrics\_classification.py:1509: UndefinedMetricWarning: Precision is ill-defined and being set to 0.0 due to no predicted samples. Use `zero_division` parameter to control this behavior.
  _warn_prf(average, modifier, f"{metric.capitalize()} is", len(result))

2024-07-05 18:28:11,659:WARNING:c:\Users\User\OneDrive\Documentos\GitHub\Prueba-Tecnica\.venv\Lib\site-packages\sklearn\metrics\_classification.py:1509: UndefinedMetricWarning: Precision is ill-defined and being set to 0.0 due to no predicted samples. Use `zero_division` parameter to control this behavior.
  _warn_prf(average, modifier, f"{metric.capitalize()} is", len(result))

2024-07-05 18:28:11,662:WARNING:c:\Users\User\OneDrive\Documentos\GitHub\Prueba-Tecnica\.venv\Lib\site-packages\sklearn\metrics\_classification.py:1509: UndefinedMetricWarning: Precision is ill-defined and being set to 0.0 due to no predicted samples. Use `zero_division` parameter to control this behavior.
  _warn_prf(average, modifier, f"{metric.capitalize()} is", len(result))

2024-07-05 18:28:11,663:WARNING:c:\Users\User\OneDrive\Documentos\GitHub\Prueba-Tecnica\.venv\Lib\site-packages\sklearn\metrics\_classification.py:1509: UndefinedMetricWarning: Precision is ill-defined and being set to 0.0 due to no predicted samples. Use `zero_division` parameter to control this behavior.
  _warn_prf(average, modifier, f"{metric.capitalize()} is", len(result))

2024-07-05 18:28:11,664:WARNING:c:\Users\User\OneDrive\Documentos\GitHub\Prueba-Tecnica\.venv\Lib\site-packages\sklearn\metrics\_classification.py:1509: UndefinedMetricWarning: Precision is ill-defined and being set to 0.0 due to no predicted samples. Use `zero_division` parameter to control this behavior.
  _warn_prf(average, modifier, f"{metric.capitalize()} is", len(result))

2024-07-05 18:28:11,668:WARNING:c:\Users\User\OneDrive\Documentos\GitHub\Prueba-Tecnica\.venv\Lib\site-packages\sklearn\metrics\_classification.py:1509: UndefinedMetricWarning: Precision is ill-defined and being set to 0.0 due to no predicted samples. Use `zero_division` parameter to control this behavior.
  _warn_prf(average, modifier, f"{metric.capitalize()} is", len(result))

2024-07-05 18:28:11,671:WARNING:c:\Users\User\OneDrive\Documentos\GitHub\Prueba-Tecnica\.venv\Lib\site-packages\sklearn\metrics\_classification.py:1509: UndefinedMetricWarning: Precision is ill-defined and being set to 0.0 due to no predicted samples. Use `zero_division` parameter to control this behavior.
  _warn_prf(average, modifier, f"{metric.capitalize()} is", len(result))

2024-07-05 18:28:11,676:WARNING:c:\Users\User\OneDrive\Documentos\GitHub\Prueba-Tecnica\.venv\Lib\site-packages\sklearn\metrics\_classification.py:1509: UndefinedMetricWarning: Precision is ill-defined and being set to 0.0 due to no predicted samples. Use `zero_division` parameter to control this behavior.
  _warn_prf(average, modifier, f"{metric.capitalize()} is", len(result))

2024-07-05 18:28:11,679:WARNING:c:\Users\User\OneDrive\Documentos\GitHub\Prueba-Tecnica\.venv\Lib\site-packages\sklearn\metrics\_classification.py:1509: UndefinedMetricWarning: Precision is ill-defined and being set to 0.0 due to no predicted samples. Use `zero_division` parameter to control this behavior.
  _warn_prf(average, modifier, f"{metric.capitalize()} is", len(result))

2024-07-05 18:28:11,683:WARNING:c:\Users\User\OneDrive\Documentos\GitHub\Prueba-Tecnica\.venv\Lib\site-packages\sklearn\metrics\_classification.py:1509: UndefinedMetricWarning: Precision is ill-defined and being set to 0.0 due to no predicted samples. Use `zero_division` parameter to control this behavior.
  _warn_prf(average, modifier, f"{metric.capitalize()} is", len(result))

2024-07-05 18:28:11,694:INFO:Calculating mean and std
2024-07-05 18:28:11,695:INFO:Creating metrics dataframe
2024-07-05 18:28:11,698:INFO:Uploading results into container
2024-07-05 18:28:11,698:INFO:Uploading model into container now
2024-07-05 18:28:11,698:INFO:_master_model_container: 11
2024-07-05 18:28:11,698:INFO:_display_container: 2
2024-07-05 18:28:11,699:INFO:LinearDiscriminantAnalysis(covariance_estimator=None, n_components=None,
                           priors=None, shrinkage=None, solver='svd',
                           store_covariance=False, tol=0.0001)
2024-07-05 18:28:11,699:INFO:create_model() successfully completed......................................
2024-07-05 18:28:11,757:INFO:SubProcess create_model() end ==================================
2024-07-05 18:28:11,757:INFO:Creating metrics dataframe
2024-07-05 18:28:11,763:INFO:Initializing Extra Trees Classifier
2024-07-05 18:28:11,763:INFO:Total runtime is 0.308706812063853 minutes
2024-07-05 18:28:11,765:INFO:SubProcess create_model() called ==================================
2024-07-05 18:28:11,765:INFO:Initializing create_model()
2024-07-05 18:28:11,766:INFO:create_model(self=<pycaret.classification.oop.ClassificationExperiment object at 0x000001BAA1A02690>, estimator=et, fold=StratifiedKFold(n_splits=10, random_state=None, shuffle=False), round=4, cross_validation=True, predict=True, fit_kwargs={}, groups=None, refit=False, probability_threshold=None, experiment_custom_tags=None, verbose=False, system=False, add_to_model_list=True, metrics=None, display=<pycaret.internal.display.display.CommonDisplay object at 0x000001BAAD85EE50>, model_only=True, return_train_score=False, error_score=0.0, kwargs={})
2024-07-05 18:28:11,766:INFO:Checking exceptions
2024-07-05 18:28:11,766:INFO:Importing libraries
2024-07-05 18:28:11,766:INFO:Copying training dataset
2024-07-05 18:28:11,773:INFO:Defining folds
2024-07-05 18:28:11,773:INFO:Declaring metric variables
2024-07-05 18:28:11,774:INFO:Importing untrained model
2024-07-05 18:28:11,776:INFO:Extra Trees Classifier Imported successfully
2024-07-05 18:28:11,779:INFO:Starting cross validation
2024-07-05 18:28:11,780:INFO:Cross validating with StratifiedKFold(n_splits=10, random_state=None, shuffle=False), n_jobs=-1
2024-07-05 18:28:12,772:INFO:Calculating mean and std
2024-07-05 18:28:12,772:INFO:Creating metrics dataframe
2024-07-05 18:28:12,773:INFO:Uploading results into container
2024-07-05 18:28:12,773:INFO:Uploading model into container now
2024-07-05 18:28:12,774:INFO:_master_model_container: 12
2024-07-05 18:28:12,774:INFO:_display_container: 2
2024-07-05 18:28:12,774:INFO:ExtraTreesClassifier(bootstrap=False, ccp_alpha=0.0, class_weight=None,
                     criterion='gini', max_depth=None, max_features='sqrt',
                     max_leaf_nodes=None, max_samples=None,
                     min_impurity_decrease=0.0, min_samples_leaf=1,
                     min_samples_split=2, min_weight_fraction_leaf=0.0,
                     monotonic_cst=None, n_estimators=100, n_jobs=-1,
                     oob_score=False, random_state=456, verbose=0,
                     warm_start=False)
2024-07-05 18:28:12,774:INFO:create_model() successfully completed......................................
2024-07-05 18:28:12,830:INFO:SubProcess create_model() end ==================================
2024-07-05 18:28:12,830:INFO:Creating metrics dataframe
2024-07-05 18:28:12,834:INFO:Initializing Extreme Gradient Boosting
2024-07-05 18:28:12,834:INFO:Total runtime is 0.3265603343645732 minutes
2024-07-05 18:28:12,836:INFO:SubProcess create_model() called ==================================
2024-07-05 18:28:12,836:INFO:Initializing create_model()
2024-07-05 18:28:12,836:INFO:create_model(self=<pycaret.classification.oop.ClassificationExperiment object at 0x000001BAA1A02690>, estimator=xgboost, fold=StratifiedKFold(n_splits=10, random_state=None, shuffle=False), round=4, cross_validation=True, predict=True, fit_kwargs={}, groups=None, refit=False, probability_threshold=None, experiment_custom_tags=None, verbose=False, system=False, add_to_model_list=True, metrics=None, display=<pycaret.internal.display.display.CommonDisplay object at 0x000001BAAD85EE50>, model_only=True, return_train_score=False, error_score=0.0, kwargs={})
2024-07-05 18:28:12,836:INFO:Checking exceptions
2024-07-05 18:28:12,836:INFO:Importing libraries
2024-07-05 18:28:12,836:INFO:Copying training dataset
2024-07-05 18:28:12,846:INFO:Defining folds
2024-07-05 18:28:12,846:INFO:Declaring metric variables
2024-07-05 18:28:12,848:INFO:Importing untrained model
2024-07-05 18:28:12,850:INFO:Extreme Gradient Boosting Imported successfully
2024-07-05 18:28:12,855:INFO:Starting cross validation
2024-07-05 18:28:12,855:INFO:Cross validating with StratifiedKFold(n_splits=10, random_state=None, shuffle=False), n_jobs=-1
2024-07-05 18:28:13,719:INFO:Calculating mean and std
2024-07-05 18:28:13,720:INFO:Creating metrics dataframe
2024-07-05 18:28:13,721:INFO:Uploading results into container
2024-07-05 18:28:13,722:INFO:Uploading model into container now
2024-07-05 18:28:13,722:INFO:_master_model_container: 13
2024-07-05 18:28:13,722:INFO:_display_container: 2
2024-07-05 18:28:13,723:INFO:XGBClassifier(base_score=None, booster='gbtree', callbacks=None,
              colsample_bylevel=None, colsample_bynode=None,
              colsample_bytree=None, device='cpu', early_stopping_rounds=None,
              enable_categorical=False, eval_metric=None, feature_types=None,
              gamma=None, grow_policy=None, importance_type=None,
              interaction_constraints=None, learning_rate=None, max_bin=None,
              max_cat_threshold=None, max_cat_to_onehot=None,
              max_delta_step=None, max_depth=None, max_leaves=None,
              min_child_weight=None, missing=nan, monotone_constraints=None,
              multi_strategy=None, n_estimators=None, n_jobs=-1,
              num_parallel_tree=None, objective='binary:logistic', ...)
2024-07-05 18:28:13,723:INFO:create_model() successfully completed......................................
2024-07-05 18:28:13,777:INFO:SubProcess create_model() end ==================================
2024-07-05 18:28:13,777:INFO:Creating metrics dataframe
2024-07-05 18:28:13,786:INFO:Initializing Light Gradient Boosting Machine
2024-07-05 18:28:13,786:INFO:Total runtime is 0.3424191037813823 minutes
2024-07-05 18:28:13,788:INFO:SubProcess create_model() called ==================================
2024-07-05 18:28:13,788:INFO:Initializing create_model()
2024-07-05 18:28:13,788:INFO:create_model(self=<pycaret.classification.oop.ClassificationExperiment object at 0x000001BAA1A02690>, estimator=lightgbm, fold=StratifiedKFold(n_splits=10, random_state=None, shuffle=False), round=4, cross_validation=True, predict=True, fit_kwargs={}, groups=None, refit=False, probability_threshold=None, experiment_custom_tags=None, verbose=False, system=False, add_to_model_list=True, metrics=None, display=<pycaret.internal.display.display.CommonDisplay object at 0x000001BAAD85EE50>, model_only=True, return_train_score=False, error_score=0.0, kwargs={})
2024-07-05 18:28:13,788:INFO:Checking exceptions
2024-07-05 18:28:13,788:INFO:Importing libraries
2024-07-05 18:28:13,788:INFO:Copying training dataset
2024-07-05 18:28:13,795:INFO:Defining folds
2024-07-05 18:28:13,795:INFO:Declaring metric variables
2024-07-05 18:28:13,797:INFO:Importing untrained model
2024-07-05 18:28:13,798:INFO:Light Gradient Boosting Machine Imported successfully
2024-07-05 18:28:13,802:INFO:Starting cross validation
2024-07-05 18:28:13,802:INFO:Cross validating with StratifiedKFold(n_splits=10, random_state=None, shuffle=False), n_jobs=-1
2024-07-05 18:28:15,974:INFO:Calculating mean and std
2024-07-05 18:28:15,974:INFO:Creating metrics dataframe
2024-07-05 18:28:15,976:INFO:Uploading results into container
2024-07-05 18:28:15,976:INFO:Uploading model into container now
2024-07-05 18:28:15,977:INFO:_master_model_container: 14
2024-07-05 18:28:15,977:INFO:_display_container: 2
2024-07-05 18:28:15,977:INFO:LGBMClassifier(boosting_type='gbdt', class_weight=None, colsample_bytree=1.0,
               importance_type='split', learning_rate=0.1, max_depth=-1,
               min_child_samples=20, min_child_weight=0.001, min_split_gain=0.0,
               n_estimators=100, n_jobs=-1, num_leaves=31, objective=None,
               random_state=456, reg_alpha=0.0, reg_lambda=0.0, subsample=1.0,
               subsample_for_bin=200000, subsample_freq=0)
2024-07-05 18:28:15,977:INFO:create_model() successfully completed......................................
2024-07-05 18:28:16,041:INFO:SubProcess create_model() end ==================================
2024-07-05 18:28:16,041:INFO:Creating metrics dataframe
2024-07-05 18:28:16,049:INFO:Initializing Dummy Classifier
2024-07-05 18:28:16,049:INFO:Total runtime is 0.3801328619321188 minutes
2024-07-05 18:28:16,050:INFO:SubProcess create_model() called ==================================
2024-07-05 18:28:16,051:INFO:Initializing create_model()
2024-07-05 18:28:16,051:INFO:create_model(self=<pycaret.classification.oop.ClassificationExperiment object at 0x000001BAA1A02690>, estimator=dummy, fold=StratifiedKFold(n_splits=10, random_state=None, shuffle=False), round=4, cross_validation=True, predict=True, fit_kwargs={}, groups=None, refit=False, probability_threshold=None, experiment_custom_tags=None, verbose=False, system=False, add_to_model_list=True, metrics=None, display=<pycaret.internal.display.display.CommonDisplay object at 0x000001BAAD85EE50>, model_only=True, return_train_score=False, error_score=0.0, kwargs={})
2024-07-05 18:28:16,051:INFO:Checking exceptions
2024-07-05 18:28:16,051:INFO:Importing libraries
2024-07-05 18:28:16,051:INFO:Copying training dataset
2024-07-05 18:28:16,061:INFO:Defining folds
2024-07-05 18:28:16,061:INFO:Declaring metric variables
2024-07-05 18:28:16,062:INFO:Importing untrained model
2024-07-05 18:28:16,064:INFO:Dummy Classifier Imported successfully
2024-07-05 18:28:16,068:INFO:Starting cross validation
2024-07-05 18:28:16,069:INFO:Cross validating with StratifiedKFold(n_splits=10, random_state=None, shuffle=False), n_jobs=-1
2024-07-05 18:28:16,109:WARNING:c:\Users\User\OneDrive\Documentos\GitHub\Prueba-Tecnica\.venv\Lib\site-packages\sklearn\metrics\_classification.py:1509: UndefinedMetricWarning: Precision is ill-defined and being set to 0.0 due to no predicted samples. Use `zero_division` parameter to control this behavior.
  _warn_prf(average, modifier, f"{metric.capitalize()} is", len(result))

2024-07-05 18:28:16,111:WARNING:c:\Users\User\OneDrive\Documentos\GitHub\Prueba-Tecnica\.venv\Lib\site-packages\sklearn\metrics\_classification.py:1509: UndefinedMetricWarning: Precision is ill-defined and being set to 0.0 due to no predicted samples. Use `zero_division` parameter to control this behavior.
  _warn_prf(average, modifier, f"{metric.capitalize()} is", len(result))

2024-07-05 18:28:16,111:WARNING:c:\Users\User\OneDrive\Documentos\GitHub\Prueba-Tecnica\.venv\Lib\site-packages\sklearn\metrics\_classification.py:1509: UndefinedMetricWarning: Precision is ill-defined and being set to 0.0 due to no predicted samples. Use `zero_division` parameter to control this behavior.
  _warn_prf(average, modifier, f"{metric.capitalize()} is", len(result))

2024-07-05 18:28:16,113:WARNING:c:\Users\User\OneDrive\Documentos\GitHub\Prueba-Tecnica\.venv\Lib\site-packages\sklearn\metrics\_classification.py:1509: UndefinedMetricWarning: Precision is ill-defined and being set to 0.0 due to no predicted samples. Use `zero_division` parameter to control this behavior.
  _warn_prf(average, modifier, f"{metric.capitalize()} is", len(result))

2024-07-05 18:28:16,116:WARNING:c:\Users\User\OneDrive\Documentos\GitHub\Prueba-Tecnica\.venv\Lib\site-packages\sklearn\metrics\_classification.py:1509: UndefinedMetricWarning: Precision is ill-defined and being set to 0.0 due to no predicted samples. Use `zero_division` parameter to control this behavior.
  _warn_prf(average, modifier, f"{metric.capitalize()} is", len(result))

2024-07-05 18:28:16,121:WARNING:c:\Users\User\OneDrive\Documentos\GitHub\Prueba-Tecnica\.venv\Lib\site-packages\sklearn\metrics\_classification.py:1509: UndefinedMetricWarning: Precision is ill-defined and being set to 0.0 due to no predicted samples. Use `zero_division` parameter to control this behavior.
  _warn_prf(average, modifier, f"{metric.capitalize()} is", len(result))

2024-07-05 18:28:16,128:WARNING:c:\Users\User\OneDrive\Documentos\GitHub\Prueba-Tecnica\.venv\Lib\site-packages\sklearn\metrics\_classification.py:1509: UndefinedMetricWarning: Precision is ill-defined and being set to 0.0 due to no predicted samples. Use `zero_division` parameter to control this behavior.
  _warn_prf(average, modifier, f"{metric.capitalize()} is", len(result))

2024-07-05 18:28:16,129:WARNING:c:\Users\User\OneDrive\Documentos\GitHub\Prueba-Tecnica\.venv\Lib\site-packages\sklearn\metrics\_classification.py:1509: UndefinedMetricWarning: Precision is ill-defined and being set to 0.0 due to no predicted samples. Use `zero_division` parameter to control this behavior.
  _warn_prf(average, modifier, f"{metric.capitalize()} is", len(result))

2024-07-05 18:28:16,130:WARNING:c:\Users\User\OneDrive\Documentos\GitHub\Prueba-Tecnica\.venv\Lib\site-packages\sklearn\metrics\_classification.py:1509: UndefinedMetricWarning: Precision is ill-defined and being set to 0.0 due to no predicted samples. Use `zero_division` parameter to control this behavior.
  _warn_prf(average, modifier, f"{metric.capitalize()} is", len(result))

2024-07-05 18:28:16,131:WARNING:c:\Users\User\OneDrive\Documentos\GitHub\Prueba-Tecnica\.venv\Lib\site-packages\sklearn\metrics\_classification.py:1509: UndefinedMetricWarning: Precision is ill-defined and being set to 0.0 due to no predicted samples. Use `zero_division` parameter to control this behavior.
  _warn_prf(average, modifier, f"{metric.capitalize()} is", len(result))

2024-07-05 18:28:16,139:INFO:Calculating mean and std
2024-07-05 18:28:16,140:INFO:Creating metrics dataframe
2024-07-05 18:28:16,141:INFO:Uploading results into container
2024-07-05 18:28:16,142:INFO:Uploading model into container now
2024-07-05 18:28:16,142:INFO:_master_model_container: 15
2024-07-05 18:28:16,142:INFO:_display_container: 2
2024-07-05 18:28:16,142:INFO:DummyClassifier(constant=None, random_state=456, strategy='prior')
2024-07-05 18:28:16,142:INFO:create_model() successfully completed......................................
2024-07-05 18:28:16,203:INFO:SubProcess create_model() end ==================================
2024-07-05 18:28:16,203:INFO:Creating metrics dataframe
2024-07-05 18:28:16,210:WARNING:c:\Users\User\OneDrive\Documentos\GitHub\Prueba-Tecnica\.venv\Lib\site-packages\pycaret\internal\pycaret_experiment\supervised_experiment.py:339: FutureWarning: Styler.applymap has been deprecated. Use Styler.map instead.
  .applymap(highlight_cols, subset=["TT (Sec)"])

2024-07-05 18:28:16,213:INFO:Initializing create_model()
2024-07-05 18:28:16,213:INFO:create_model(self=<pycaret.classification.oop.ClassificationExperiment object at 0x000001BAA1A02690>, estimator=RandomForestClassifier(bootstrap=True, ccp_alpha=0.0, class_weight=None,
                       criterion='gini', max_depth=None, max_features='sqrt',
                       max_leaf_nodes=None, max_samples=None,
                       min_impurity_decrease=0.0, min_samples_leaf=1,
                       min_samples_split=2, min_weight_fraction_leaf=0.0,
                       monotonic_cst=None, n_estimators=100, n_jobs=-1,
                       oob_score=False, random_state=456, verbose=0,
                       warm_start=False), fold=StratifiedKFold(n_splits=10, random_state=None, shuffle=False), round=4, cross_validation=False, predict=False, fit_kwargs={}, groups=None, refit=True, probability_threshold=None, experiment_custom_tags=None, verbose=False, system=False, add_to_model_list=True, metrics=None, display=None, model_only=True, return_train_score=False, error_score=0.0, kwargs={})
2024-07-05 18:28:16,214:INFO:Checking exceptions
2024-07-05 18:28:16,214:INFO:Importing libraries
2024-07-05 18:28:16,214:INFO:Copying training dataset
2024-07-05 18:28:16,222:INFO:Defining folds
2024-07-05 18:28:16,222:INFO:Declaring metric variables
2024-07-05 18:28:16,222:INFO:Importing untrained model
2024-07-05 18:28:16,222:INFO:Declaring custom model
2024-07-05 18:28:16,222:INFO:Random Forest Classifier Imported successfully
2024-07-05 18:28:16,222:INFO:Cross validation set to False
2024-07-05 18:28:16,223:INFO:Fitting Model
2024-07-05 18:28:16,455:INFO:RandomForestClassifier(bootstrap=True, ccp_alpha=0.0, class_weight=None,
                       criterion='gini', max_depth=None, max_features='sqrt',
                       max_leaf_nodes=None, max_samples=None,
                       min_impurity_decrease=0.0, min_samples_leaf=1,
                       min_samples_split=2, min_weight_fraction_leaf=0.0,
                       monotonic_cst=None, n_estimators=100, n_jobs=-1,
                       oob_score=False, random_state=456, verbose=0,
                       warm_start=False)
2024-07-05 18:28:16,455:INFO:create_model() successfully completed......................................
2024-07-05 18:28:16,523:INFO:_master_model_container: 15
2024-07-05 18:28:16,523:INFO:_display_container: 2
2024-07-05 18:28:16,524:INFO:RandomForestClassifier(bootstrap=True, ccp_alpha=0.0, class_weight=None,
                       criterion='gini', max_depth=None, max_features='sqrt',
                       max_leaf_nodes=None, max_samples=None,
                       min_impurity_decrease=0.0, min_samples_leaf=1,
                       min_samples_split=2, min_weight_fraction_leaf=0.0,
                       monotonic_cst=None, n_estimators=100, n_jobs=-1,
                       oob_score=False, random_state=456, verbose=0,
                       warm_start=False)
2024-07-05 18:28:16,524:INFO:compare_models() successfully completed......................................
2024-07-05 18:28:16,556:INFO:Initializing create_model()
2024-07-05 18:28:16,556:INFO:create_model(self=<pycaret.classification.oop.ClassificationExperiment object at 0x000001BAA1A02690>, estimator=rf, fold=None, round=4, cross_validation=True, predict=True, fit_kwargs=None, groups=None, refit=True, probability_threshold=None, experiment_custom_tags=None, verbose=True, system=True, add_to_model_list=True, metrics=None, display=None, model_only=True, return_train_score=False, error_score=0.0, kwargs={})
2024-07-05 18:28:16,556:INFO:Checking exceptions
2024-07-05 18:28:16,567:INFO:Importing libraries
2024-07-05 18:28:16,567:INFO:Copying training dataset
2024-07-05 18:28:16,578:INFO:Defining folds
2024-07-05 18:28:16,578:INFO:Declaring metric variables
2024-07-05 18:28:16,580:INFO:Importing untrained model
2024-07-05 18:28:16,583:INFO:Random Forest Classifier Imported successfully
2024-07-05 18:28:16,587:INFO:Starting cross validation
2024-07-05 18:28:16,588:INFO:Cross validating with StratifiedKFold(n_splits=10, random_state=None, shuffle=False), n_jobs=-1
2024-07-05 18:28:17,948:INFO:Calculating mean and std
2024-07-05 18:28:17,948:INFO:Creating metrics dataframe
2024-07-05 18:28:17,951:INFO:Finalizing model
2024-07-05 18:28:18,167:INFO:Uploading results into container
2024-07-05 18:28:18,167:INFO:Uploading model into container now
2024-07-05 18:28:18,173:INFO:_master_model_container: 16
2024-07-05 18:28:18,173:INFO:_display_container: 3
2024-07-05 18:28:18,174:INFO:RandomForestClassifier(bootstrap=True, ccp_alpha=0.0, class_weight=None,
                       criterion='gini', max_depth=None, max_features='sqrt',
                       max_leaf_nodes=None, max_samples=None,
                       min_impurity_decrease=0.0, min_samples_leaf=1,
                       min_samples_split=2, min_weight_fraction_leaf=0.0,
                       monotonic_cst=None, n_estimators=100, n_jobs=-1,
                       oob_score=False, random_state=456, verbose=0,
                       warm_start=False)
2024-07-05 18:28:18,174:INFO:create_model() successfully completed......................................
2024-07-05 18:28:18,240:INFO:Initializing evaluate_model()
2024-07-05 18:28:18,240:INFO:evaluate_model(self=<pycaret.classification.oop.ClassificationExperiment object at 0x000001BAA1A02690>, estimator=RandomForestClassifier(bootstrap=True, ccp_alpha=0.0, class_weight=None,
                       criterion='gini', max_depth=None, max_features='sqrt',
                       max_leaf_nodes=None, max_samples=None,
                       min_impurity_decrease=0.0, min_samples_leaf=1,
                       min_samples_split=2, min_weight_fraction_leaf=0.0,
                       monotonic_cst=None, n_estimators=100, n_jobs=-1,
                       oob_score=False, random_state=456, verbose=0,
                       warm_start=False), fold=None, fit_kwargs=None, plot_kwargs=None, feature_name=None, groups=None)
2024-07-05 18:28:18,256:INFO:Initializing plot_model()
2024-07-05 18:28:18,256:INFO:plot_model(self=<pycaret.classification.oop.ClassificationExperiment object at 0x000001BAA1A02690>, estimator=RandomForestClassifier(bootstrap=True, ccp_alpha=0.0, class_weight=None,
                       criterion='gini', max_depth=None, max_features='sqrt',
                       max_leaf_nodes=None, max_samples=None,
                       min_impurity_decrease=0.0, min_samples_leaf=1,
                       min_samples_split=2, min_weight_fraction_leaf=0.0,
                       monotonic_cst=None, n_estimators=100, n_jobs=-1,
                       oob_score=False, random_state=456, verbose=0,
                       warm_start=False), plot=pipeline, scale=1, save=False, fold=StratifiedKFold(n_splits=10, random_state=None, shuffle=False), fit_kwargs={}, plot_kwargs=None, groups=None, feature_name=None, label=False, verbose=False, system=True, display=None, display_format=None)
2024-07-05 18:28:18,257:INFO:Checking exceptions
2024-07-05 18:28:18,288:INFO:Preloading libraries
2024-07-05 18:28:18,341:INFO:Copying training dataset
2024-07-05 18:28:18,342:INFO:Plot type: pipeline
2024-07-05 18:28:18,584:INFO:Visual Rendered Successfully
2024-07-05 18:28:18,650:INFO:plot_model() successfully completed......................................
2024-07-05 18:28:18,683:INFO:Initializing predict_model()
2024-07-05 18:28:18,683:INFO:predict_model(self=<pycaret.classification.oop.ClassificationExperiment object at 0x000001BAA1A02690>, estimator=RandomForestClassifier(bootstrap=True, ccp_alpha=0.0, class_weight=None,
                       criterion='gini', max_depth=None, max_features='sqrt',
                       max_leaf_nodes=None, max_samples=None,
                       min_impurity_decrease=0.0, min_samples_leaf=1,
                       min_samples_split=2, min_weight_fraction_leaf=0.0,
                       monotonic_cst=None, n_estimators=100, n_jobs=-1,
                       oob_score=False, random_state=456, verbose=0,
                       warm_start=False), probability_threshold=None, encoded_labels=False, raw_score=False, round=4, verbose=True, ml_usecase=None, preprocess=True, encode_labels=<function _SupervisedExperiment.predict_model.<locals>.encode_labels at 0x000001BA9A05FA60>)
2024-07-05 18:28:18,683:INFO:Checking exceptions
2024-07-05 18:28:18,683:INFO:Preloading libraries
2024-07-05 18:28:18,685:INFO:Set up data.
2024-07-05 18:28:18,691:INFO:Set up index.
2024-07-05 18:28:18,858:INFO:Initializing finalize_model()
2024-07-05 18:28:18,858:INFO:finalize_model(self=<pycaret.classification.oop.ClassificationExperiment object at 0x000001BAA1A02690>, estimator=RandomForestClassifier(bootstrap=True, ccp_alpha=0.0, class_weight=None,
                       criterion='gini', max_depth=None, max_features='sqrt',
                       max_leaf_nodes=None, max_samples=None,
                       min_impurity_decrease=0.0, min_samples_leaf=1,
                       min_samples_split=2, min_weight_fraction_leaf=0.0,
                       monotonic_cst=None, n_estimators=100, n_jobs=-1,
                       oob_score=False, random_state=456, verbose=0,
                       warm_start=False), fit_kwargs=None, groups=None, model_only=False, experiment_custom_tags=None)
2024-07-05 18:28:18,858:INFO:Finalizing RandomForestClassifier(bootstrap=True, ccp_alpha=0.0, class_weight=None,
                       criterion='gini', max_depth=None, max_features='sqrt',
                       max_leaf_nodes=None, max_samples=None,
                       min_impurity_decrease=0.0, min_samples_leaf=1,
                       min_samples_split=2, min_weight_fraction_leaf=0.0,
                       monotonic_cst=None, n_estimators=100, n_jobs=-1,
                       oob_score=False, random_state=456, verbose=0,
                       warm_start=False)
2024-07-05 18:28:18,863:INFO:Initializing create_model()
2024-07-05 18:28:18,863:INFO:create_model(self=<pycaret.classification.oop.ClassificationExperiment object at 0x000001BAA1A02690>, estimator=RandomForestClassifier(bootstrap=True, ccp_alpha=0.0, class_weight=None,
                       criterion='gini', max_depth=None, max_features='sqrt',
                       max_leaf_nodes=None, max_samples=None,
                       min_impurity_decrease=0.0, min_samples_leaf=1,
                       min_samples_split=2, min_weight_fraction_leaf=0.0,
                       monotonic_cst=None, n_estimators=100, n_jobs=-1,
                       oob_score=False, random_state=456, verbose=0,
                       warm_start=False), fold=None, round=4, cross_validation=False, predict=False, fit_kwargs={}, groups=None, refit=True, probability_threshold=None, experiment_custom_tags=None, verbose=False, system=False, add_to_model_list=False, metrics=None, display=None, model_only=False, return_train_score=False, error_score=0.0, kwargs={})
2024-07-05 18:28:18,863:INFO:Checking exceptions
2024-07-05 18:28:18,864:INFO:Importing libraries
2024-07-05 18:28:18,864:INFO:Copying training dataset
2024-07-05 18:28:18,865:INFO:Defining folds
2024-07-05 18:28:18,865:INFO:Declaring metric variables
2024-07-05 18:28:18,865:INFO:Importing untrained model
2024-07-05 18:28:18,866:INFO:Declaring custom model
2024-07-05 18:28:18,866:INFO:Random Forest Classifier Imported successfully
2024-07-05 18:28:18,866:INFO:Cross validation set to False
2024-07-05 18:28:18,866:INFO:Fitting Model
2024-07-05 18:28:19,141:INFO:Pipeline(memory=Memory(location=None),
         steps=[('numerical_imputer',
                 TransformerWrapper(exclude=None,
                                    include=['CODE_GENDER', 'FLAG_OWN_CAR',
                                             'FLAG_OWN_REALTY', 'CNT_CHILDREN',
                                             'AMT_INCOME_TOTAL',
                                             'NAME_INCOME_TYPE',
                                             'NAME_EDUCATION_TYPE',
                                             'NAME_FAMILY_STATUS',
                                             'NAME_HOUSING_TYPE',
                                             'DAYS_EMPLOYED', 'FLAG_MOBIL',
                                             'FLAG_WORK_PHONE', 'FLAG_PHONE',
                                             'FLAG_EMAIL', 'OCCUPA...
                 RandomForestClassifier(bootstrap=True, ccp_alpha=0.0,
                                        class_weight=None, criterion='gini',
                                        max_depth=None, max_features='sqrt',
                                        max_leaf_nodes=None, max_samples=None,
                                        min_impurity_decrease=0.0,
                                        min_samples_leaf=1, min_samples_split=2,
                                        min_weight_fraction_leaf=0.0,
                                        monotonic_cst=None, n_estimators=100,
                                        n_jobs=-1, oob_score=False,
                                        random_state=456, verbose=0,
                                        warm_start=False))],
         verbose=False)
2024-07-05 18:28:19,141:INFO:create_model() successfully completed......................................
2024-07-05 18:28:19,195:INFO:_master_model_container: 16
2024-07-05 18:28:19,195:INFO:_display_container: 4
2024-07-05 18:28:19,197:INFO:Pipeline(memory=Memory(location=None),
         steps=[('numerical_imputer',
                 TransformerWrapper(exclude=None,
                                    include=['CODE_GENDER', 'FLAG_OWN_CAR',
                                             'FLAG_OWN_REALTY', 'CNT_CHILDREN',
                                             'AMT_INCOME_TOTAL',
                                             'NAME_INCOME_TYPE',
                                             'NAME_EDUCATION_TYPE',
                                             'NAME_FAMILY_STATUS',
                                             'NAME_HOUSING_TYPE',
                                             'DAYS_EMPLOYED', 'FLAG_MOBIL',
                                             'FLAG_WORK_PHONE', 'FLAG_PHONE',
                                             'FLAG_EMAIL', 'OCCUPA...
                 RandomForestClassifier(bootstrap=True, ccp_alpha=0.0,
                                        class_weight=None, criterion='gini',
                                        max_depth=None, max_features='sqrt',
                                        max_leaf_nodes=None, max_samples=None,
                                        min_impurity_decrease=0.0,
                                        min_samples_leaf=1, min_samples_split=2,
                                        min_weight_fraction_leaf=0.0,
                                        monotonic_cst=None, n_estimators=100,
                                        n_jobs=-1, oob_score=False,
                                        random_state=456, verbose=0,
                                        warm_start=False))],
         verbose=False)
2024-07-05 18:28:19,197:INFO:finalize_model() successfully completed......................................
